currently on ./input/simC_c1_k8_n20_u1_s2_del04.input: current rf rate is 0.714286 and rf rate so far is 0.714286
currently on ./input/simC_c1_k8_n20_u2_s2_del02.input: current rf rate is 0.714286 and rf rate so far is 0.714286
currently on ./input/simC_c1_k8_n20_u2_s1_del04.input: current rf rate is 0.571429 and rf rate so far is 0.666667
currently on ./input/simC_c1_k8_n20_u3_s1_del02.input: current rf rate is 0.428571 and rf rate so far is 0.607143
currently on ./input/simC_c1_k8_n20_u1_s1_del04.input: current rf rate is 0.285714 and rf rate so far is 0.5428572
currently on ./input/simC_c1_k8_n20_u2_s1_del02.input: current rf rate is 0.428571 and rf rate so far is 0.5238094999999999
currently on ./input/simC_c1_k8_n20_u1_s1_del02.input: current rf rate is 0.428571 and rf rate so far is 0.510204
currently on ./input/simC_c1_k8_n20_u1_s3_del04.input: current rf rate is 0.571429 and rf rate so far is 0.5178571249999999
currently on ./input/simC_c1_k8_n20_u3_s3_del02.input: current rf rate is 0.714286 and rf rate so far is 0.5396825555555554
currently on ./input/simC_c1_k8_n20_u2_s3_del04.input: current rf rate is 0.571429 and rf rate so far is 0.5428571999999999
currently on ./input/simC_c1_k8_n20_u3_s2_del04.input: current rf rate is 0.571429 and rf rate so far is 0.5454546363636363
currently on ./input/simC_c1_k8_n20_u3_s2_del02.input: current rf rate is 0.714286 and rf rate so far is 0.5595239166666666
currently on ./input/simC_c1_k8_n20_u1_s3_del02.input: current rf rate is 0.571429 and rf rate so far is 0.5604396923076922
currently on ./input/simC_c1_k8_n20_u2_s2_del04.input: current rf rate is 0.714286 and rf rate so far is 0.5714287142857142
currently on ./input/simC_c1_k8_n20_u1_s2_del02.input: current rf rate is 0.714286 and rf rate so far is 0.5809525333333332
currently on ./input/simC_c1_k8_n20_u3_s1_del04.input: current rf rate is 0.428571 and rf rate so far is 0.5714286874999999
currently on ./input/simC_c1_k8_n20_u3_s3_del04.input: current rf rate is 0.571429 and rf rate so far is 0.5714287058823528
currently on ./input/simC_c1_k8_n20_u2_s3_del02.input: current rf rate is 0.571429 and rf rate so far is 0.5714287222222221
	Command being timed: "python ./src/main.py --input-cnp-dir ./input/ --output-prefix ./output/k8_n20/"
	User time (seconds): 1398.20
	System time (seconds): 6.76
	Percent of CPU this job got: 163%
	Elapsed (wall clock) time (h:mm:ss or m:ss): 14:17.76
	Average shared text size (kbytes): 0
	Average unshared data size (kbytes): 0
	Average stack size (kbytes): 0
	Average total size (kbytes): 0
	Maximum resident set size (kbytes): 127604
	Average resident set size (kbytes): 0
	Major (requiring I/O) page faults: 143
	Minor (reclaiming a frame) page faults: 1574959
	Voluntary context switches: 210513
	Involuntary context switches: 404273
	Swaps: 0
	File system inputs: 33696
	File system outputs: 2360
	Socket messages sent: 0
	Socket messages received: 0
	Signals delivered: 0
	Page size (bytes): 4096
	Exit status: 0
