#PARAMS
1 #number of chromosomes
3 #number of leaves
40 #number of segments per chromosome
#PROFILES
0 : 2 2 2 2 2 2 2 2 2 2 2 2 2 2 2 2 2 2 2 2 2 2 2 2 2 2 2 2 2 2 2 2 2 2 2 2 2 2 2 2
1 : 2 2 2 2 2 2 2 2 2 3 3 3 3 3 3 2 2 1 2 1 1 2 3 3 3 4 6 6 5 4 4 4 4 4 4 3 3 3 3 3
2 : 2 2 2 1 1 1 2 2 2 3 3 3 3 3 3 3 3 4 5 4 4 4 4 4 4 5 6 6 5 4 4 4 4 4 4 3 3 4 3 3
3 : 2 2 2 2 2 2 2 2 2 3 3 3 3 3 3 2 2 1 2 1 1 2 2 3 3 4 6 6 5 4 4 4 4 4 5 4 4 4 3 3
4 : 2 2 2 2 2 2 3 3 3 4 4 4 4 4 4 3 3 2 3 2 2 3 4 4 4 5 7 7 6 5 5 5 5 5 5 3 3 3 3 3
#EDGES
1 -> 4
1 -> 3
0 -> 2
0 -> 1
#EVENTS
0 1 4 6 34 1
0 1 3 22 22 -1
0 1 3 34 37 1
0 0 2 3 36 -1
0 0 2 6 39 1
0 0 2 9 37 1
0 0 2 17 34 1
0 0 2 18 18 1
0 0 2 25 28 1
0 0 2 26 27 1
0 0 1 15 17 -1
0 0 1 19 21 -1
0 0 1 9 16 1
0 0 1 21 39 1
0 0 1 25 34 1
0 0 1 26 28 1
0 0 1 26 27 1
