#PARAMS
1 #number of chromosomes
3 #number of leaves
40 #number of segments per chromosome
#PROFILES
0 : 2 2 2 2 2 2 2 2 2 2 2 2 2 2 2 2 2 2 2 2 2 2 2 2 2 2 2 2 2 2 2 2 2 2 2 2 2 2 2 2
1 : 2 2 2 2 2 2 2 2 2 3 3 3 3 3 3 3 3 3 4 4 4 4 4 4 4 4 4 4 4 4 4 4 4 4 4 3 3 3 3 3
2 : 3 3 3 2 2 2 2 2 2 2 2 2 2 2 3 3 3 3 3 3 3 3 3 3 3 2 2 2 2 2 2 2 2 2 2 2 2 2 2 2
3 : 2 2 2 2 2 2 2 2 2 3 3 3 2 2 2 2 2 2 3 2 2 2 2 2 3 4 4 4 5 5 6 6 6 6 6 4 3 3 3 3
4 : 2 2 3 3 3 3 3 3 3 4 4 4 4 4 4 4 4 4 4 4 4 4 4 4 4 4 4 4 4 4 4 4 4 4 4 3 3 3 3 3
#EDGES
1 -> 4
1 -> 3
0 -> 2
0 -> 1
#EVENTS
0 1 4 2 17 1
0 1 3 12 24 -1
0 1 3 19 23 -1
0 1 3 28 35 1
0 1 3 30 34 1
0 0 2 3 13 -1
0 0 2 0 24 1
0 0 1 9 39 1
0 0 1 18 34 1
