#PARAMS
1 #number of chromosomes
3 #number of leaves
40 #number of segments per chromosome
#PROFILES
0 : 2 2 2 2 2 2 2 2 2 2 2 2 2 2 2 2 2 2 2 2 2 2 2 2 2 2 2 2 2 2 2 2 2 2 2 2 2 2 2 2
1 : 2 1 2 2 1 2 2 2 2 0 0 2 2 2 2 3 3 3 2 2 2 3 3 3 3 4 5 5 5 5 4 4 3 3 3 3 3 3 2 2
2 : 2 1 2 2 1 1 1 1 1 1 1 2 3 3 3 4 3 3 2 2 2 3 3 2 2 3 4 4 4 4 3 3 3 3 3 3 3 3 2 2
3 : 2 1 2 2 1 2 2 3 3 0 0 3 3 3 2 3 3 3 2 2 2 3 3 3 3 4 5 4 4 5 4 4 3 3 3 3 3 3 2 2
4 : 2 1 2 2 1 2 3 3 3 0 0 3 3 3 3 4 4 4 3 3 3 4 4 4 4 5 6 6 6 6 5 5 4 4 4 4 4 4 3 2
#EDGES
1 -> 4
1 -> 3
0 -> 2
0 -> 1
#EVENTS
0 1 4 6 38 1
0 1 3 27 28 -1
0 1 3 7 13 1
0 0 2 1 14 -1
0 0 2 16 20 -1
0 0 2 23 25 -1
0 0 2 2 3 1
0 0 2 11 37 1
0 0 2 12 17 1
0 0 2 25 29 1
0 0 1 1 1 -1
0 0 1 4 14 -1
0 0 1 9 10 -1
0 0 1 18 20 -1
0 0 1 5 37 1
0 0 1 25 31 1
0 0 1 26 29 1
