#PARAMS
1 #number of chromosomes
3 #number of leaves
40 #number of segments per chromosome
#PROFILES
0 : 2 2 2 2 2 2 2 2 2 2 2 2 2 2 2 2 2 2 2 2 2 2 2 2 2 2 2 2 2 2 2 2 2 2 2 2 2 2 2 2
1 : 3 3 3 3 3 3 3 3 3 4 4 4 4 4 4 4 4 4 4 4 4 4 4 5 5 5 4 4 4 3 3 2 2 2 2 2 1 1 1 1
2 : 3 3 3 3 3 3 3 3 3 4 4 4 4 4 4 4 4 4 4 4 4 4 4 4 4 4 4 4 5 3 3 2 2 2 1 1 1 1 1 1
3 : 3 2 2 2 2 2 2 2 2 3 3 3 3 3 3 3 2 2 2 2 2 2 2 3 4 4 3 3 3 2 2 1 2 2 2 2 1 1 1 1
4 : 3 3 3 3 3 3 3 3 3 4 4 4 4 4 4 4 4 5 5 5 5 4 4 5 5 5 3 3 3 3 3 2 2 2 2 2 1 1 1 1
#EDGES
1 -> 4
1 -> 3
0 -> 2
0 -> 1
#EVENTS
0 1 4 26 28 -1
0 1 4 17 20 1
0 1 3 1 31 -1
0 1 3 16 23 -1
0 0 2 29 39 -1
0 0 2 0 33 1
0 0 2 9 30 1
0 0 2 28 28 1
0 0 1 36 39 -1
0 0 1 0 30 1
0 0 1 9 28 1
0 0 1 23 25 1
