#PARAMS
1 #number of chromosomes
3 #number of leaves
40 #number of segments per chromosome
#PROFILES
0 : 2 2 2 2 2 2 2 2 2 2 2 2 2 2 2 2 2 2 2 2 2 2 2 2 2 2 2 2 2 2 2 2 2 2 2 2 2 2 2 2
1 : 2 1 2 2 1 1 1 1 1 1 1 2 1 1 2 3 3 3 2 3 3 3 3 3 4 3 2 2 2 2 3 3 3 3 3 3 3 3 2 2
2 : 1 0 1 1 0 0 0 0 0 0 0 1 0 0 1 2 2 2 1 2 3 3 3 4 5 4 3 3 3 3 4 4 4 4 4 4 4 4 3 3
3 : 2 1 2 2 1 1 1 1 1 1 1 2 1 1 1 2 2 2 1 2 2 3 3 3 4 3 2 2 3 3 3 3 4 4 4 4 3 3 1 1
4 : 2 1 2 2 1 1 1 1 1 1 1 2 1 1 2 3 3 3 2 4 4 5 5 5 6 5 4 4 4 4 5 6 6 6 5 5 4 3 2 2
#EDGES
1 -> 4
1 -> 2
0 -> 3
0 -> 1
#EVENTS
0 1 4 19 36 1
0 1 4 21 35 1
0 1 4 31 33 1
0 1 2 0 19 -1
0 1 2 23 39 1
0 0 3 1 23 -1
0 0 3 26 39 -1
0 0 3 2 3 1
0 0 3 11 11 1
0 0 3 15 17 1
0 0 3 19 37 1
0 0 3 21 24 1
0 0 3 28 37 1
0 0 3 32 35 1
0 0 1 1 1 -1
0 0 1 4 10 -1
0 0 1 12 23 -1
0 0 1 26 29 -1
0 0 1 14 37 1
0 0 1 15 17 1
0 0 1 19 24 1
