#PARAMS
1 #number of chromosomes
3 #number of leaves
40 #number of segments per chromosome
#PROFILES
0 : 2 2 2 2 2 2 2 2 2 2 2 2 2 2 2 2 2 2 2 2 2 2 2 2 2 2 2 2 2 2 2 2 2 2 2 2 2 2 2 2
1 : 2 1 2 2 1 1 1 1 1 1 1 2 3 3 3 3 3 3 2 2 2 3 3 3 4 3 4 4 4 4 4 4 4 4 4 4 3 3 2 2
2 : 1 0 1 1 0 0 0 0 0 0 0 1 2 2 3 4 4 4 3 2 3 5 5 4 5 4 5 5 5 5 4 4 4 4 4 4 4 4 3 3
3 : 2 1 2 2 1 1 1 1 1 1 1 2 3 3 3 4 4 4 3 2 2 3 3 3 4 3 4 4 5 5 5 5 4 4 4 4 3 3 1 1
4 : 2 1 2 2 1 1 1 1 1 1 1 2 3 3 4 5 5 5 4 4 4 5 5 5 6 5 6 6 6 6 5 6 6 6 5 5 4 3 2 2
#EDGES
1 -> 4
1 -> 3
0 -> 2
0 -> 1
#EVENTS
0 1 4 14 36 1
0 1 4 15 29 1
0 1 4 31 33 1
0 1 3 38 39 -1
0 1 3 15 18 1
0 1 3 28 31 1
0 0 2 0 13 -1
0 0 2 1 1 -1
0 0 2 4 10 -1
0 0 2 19 20 -1
0 0 2 23 23 -1
0 0 2 25 25 -1
0 0 2 12 39 1
0 0 2 15 17 1
0 0 2 20 37 1
0 0 2 21 29 1
0 0 1 1 1 -1
0 0 1 4 11 -1
0 0 1 25 25 -1
0 0 1 11 17 1
0 0 1 21 37 1
0 0 1 24 35 1
