#PARAMS
1 #number of chromosomes
3 #number of leaves
40 #number of segments per chromosome
#PROFILES
0 : 2 2 2 2 2 2 2 2 2 2 2 2 2 2 2 2 2 2 2 2 2 2 2 2 2 2 2 2 2 2 2 2 2 2 2 2 2 2 2 2
1 : 1 1 1 1 1 1 1 1 1 1 1 1 1 1 1 1 1 1 3 3 4 4 4 4 4 4 4 4 4 4 3 3 3 3 4 3 3 3 3 3
2 : 1 1 1 1 1 1 1 1 1 1 1 1 1 1 1 1 1 1 2 2 3 3 3 2 2 2 2 2 2 2 1 2 2 2 3 3 3 3 3 3
3 : 1 1 1 1 1 1 1 1 1 1 1 1 1 1 1 1 1 1 3 3 4 4 4 4 4 4 4 4 3 3 2 2 2 2 3 2 2 3 3 3
4 : 1 1 1 1 1 1 1 1 1 1 1 1 1 1 1 1 1 2 4 4 5 5 5 5 5 5 5 5 5 5 4 4 4 4 5 4 4 4 3 3
#EDGES
1 -> 4
1 -> 3
0 -> 2
0 -> 1
#EVENTS
0 1 4 17 37 1
0 1 3 28 36 -1
0 0 2 0 17 -1
0 0 2 30 33 -1
0 0 2 20 22 1
0 0 2 31 39 1
0 0 1 0 17 -1
0 0 1 30 33 -1
0 0 1 18 39 1
0 0 1 20 34 1
