#PARAMS
1 #number of chromosomes
3 #number of leaves
40 #number of segments per chromosome
#PROFILES
0 : 2 2 2 2 2 2 2 2 2 2 2 2 2 2 2 2 2 2 2 2 2 2 2 2 2 2 2 2 2 2 2 2 2 2 2 2 2 2 2 2
1 : 3 5 4 4 4 4 4 4 4 5 5 5 5 5 5 6 6 5 5 5 5 5 5 5 5 5 5 5 5 4 4 3 3 3 3 3 3 3 2 2
2 : 2 3 3 3 2 2 2 2 2 2 3 3 3 3 3 3 3 4 4 4 4 4 4 4 4 4 4 3 3 3 3 2 2 2 2 2 2 2 2 2
3 : 3 5 4 4 4 4 4 4 5 7 7 7 7 7 7 8 8 7 7 6 5 5 5 5 5 5 5 5 5 4 4 3 3 3 3 3 3 3 2 2
4 : 3 5 4 4 4 4 4 4 4 5 5 5 5 5 5 6 6 5 5 5 5 5 6 6 6 6 6 6 6 5 5 4 4 4 3 3 3 3 2 2
#EDGES
1 -> 4
1 -> 3
0 -> 2
0 -> 1
#EVENTS
0 1 4 22 33 1
0 1 3 8 19 1
0 1 3 9 18 1
0 0 2 4 16 -1
0 0 2 1 30 1
0 0 2 10 26 1
0 0 1 0 37 1
0 0 1 1 30 1
0 0 1 1 1 1
0 0 1 9 28 1
0 0 1 15 16 1
