#PARAMS
1 #number of chromosomes
3 #number of leaves
40 #number of segments per chromosome
#PROFILES
0 : 2 2 2 2 2 2 2 2 2 2 2 2 2 2 2 2 2 2 2 2 2 2 2 2 2 2 2 2 2 2 2 2 2 2 2 2 2 2 2 2
1 : 3 3 3 3 3 3 3 3 3 3 3 3 3 3 3 3 3 3 5 5 6 6 6 6 6 6 6 6 6 6 5 5 5 5 4 3 3 3 3 3
2 : 3 3 3 3 3 3 3 3 3 3 3 3 3 3 3 3 3 3 4 4 5 5 5 6 6 6 6 6 6 6 5 4 4 4 3 3 3 3 3 3
3 : 3 3 3 3 3 3 3 3 3 3 3 3 3 3 3 3 3 3 5 5 6 6 6 6 6 6 6 6 7 7 6 6 6 6 5 4 4 3 3 3
4 : 3 3 3 3 3 3 3 3 3 3 3 3 3 3 3 3 3 4 6 6 7 7 7 7 7 7 7 7 7 7 6 6 6 6 5 4 4 4 3 3
#EDGES
1 -> 4
1 -> 3
0 -> 2
0 -> 1
#EVENTS
0 1 4 17 37 1
0 1 3 28 36 1
0 0 2 0 39 1
0 0 2 18 33 1
0 0 2 20 30 1
0 0 2 23 29 1
0 0 1 0 39 1
0 0 1 18 34 1
0 0 1 18 33 1
0 0 1 20 29 1
