#PARAMS
1 #number of chromosomes
3 #number of leaves
40 #number of segments per chromosome
#PROFILES
0 : 2 2 2 2 2 2 2 2 2 2 2 2 2 2 2 2 2 2 2 2 2 2 2 2 2 2 2 2 2 2 2 2 2 2 2 2 2 2 2 2
1 : 2 2 3 3 2 2 2 2 2 2 2 2 2 2 2 2 2 2 2 2 2 2 2 2 2 2 1 1 1 1 2 2 2 2 2 2 2 2 2 2
2 : 2 2 3 3 2 2 2 2 2 2 2 2 2 2 2 3 3 3 3 3 4 4 3 2 2 3 2 2 2 2 3 3 3 3 3 3 3 2 2 2
3 : 2 2 3 3 2 2 2 2 2 2 2 2 2 2 2 2 2 2 2 2 2 2 2 2 2 2 1 1 1 1 2 2 2 2 2 3 2 2 2 2
4 : 2 2 2 2 2 2 2 2 3 3 3 3 3 2 2 2 2 2 2 2 2 2 2 2 2 2 2 2 3 3 3 3 3 3 3 3 3 2 2 2
#EDGES
1 -> 3
1 -> 2
0 -> 4
0 -> 1
#EVENTS
0 1 3 35 35 1
0 1 2 22 24 -1
0 1 2 15 36 1
0 1 2 20 22 1
0 0 4 13 27 -1
0 0 4 8 36 1
0 0 1 26 29 -1
0 0 1 2 3 1
