currently on ./input/simC_c1_k8_n30_u1_s2_del02.input: current rf rate is 0.714286 and rf rate so far is 0.714286
currently on ./input/simC_c1_k8_n30_u1_s3_del04.input: current rf rate is 0.571429 and rf rate so far is 0.6428575
currently on ./input/simC_c1_k8_n30_u2_s2_del04.input: current rf rate is 0.714286 and rf rate so far is 0.666667
currently on ./input/simC_c1_k8_n30_u3_s2_del02.input: current rf rate is 0.571429 and rf rate so far is 0.6428575000000001
currently on ./input/simC_c1_k8_n30_u2_s1_del04.input: current rf rate is 0.428571 and rf rate so far is 0.6000002
currently on ./input/simC_c1_k8_n30_u1_s3_del02.input: current rf rate is 0.571429 and rf rate so far is 0.5952383333333334
currently on ./input/simC_c1_k8_n30_u1_s1_del04.input: current rf rate is 0.285714 and rf rate so far is 0.5510205714285715
currently on ./input/simC_c1_k8_n30_u2_s2_del02.input: current rf rate is 0.714286 and rf rate so far is 0.57142875
currently on ./input/simC_c1_k8_n30_u3_s2_del04.input: current rf rate is 0.714286 and rf rate so far is 0.5873017777777778
currently on ./input/simC_c1_k8_n30_u3_s3_del04.input: current rf rate is 0.714286 and rf rate so far is 0.6000002
currently on ./input/simC_c1_k8_n30_u2_s3_del02.input: current rf rate is 0.571429 and rf rate so far is 0.5974028181818182
currently on ./input/simC_c1_k8_n30_u3_s3_del02.input: current rf rate is 0.714286 and rf rate so far is 0.6071430833333333
currently on ./input/simC_c1_k8_n30_u3_s1_del04.input: current rf rate is 0.428571 and rf rate so far is 0.5934067692307692
currently on ./input/simC_c1_k8_n30_u2_s3_del04.input: current rf rate is 0.571429 and rf rate so far is 0.5918369285714286
currently on ./input/simC_c1_k8_n30_u1_s1_del02.input: current rf rate is 0.428571 and rf rate so far is 0.5809525333333333
currently on ./input/simC_c1_k8_n30_u1_s2_del04.input: current rf rate is 0.714286 and rf rate so far is 0.589285875
currently on ./input/simC_c1_k8_n30_u3_s1_del02.input: current rf rate is 0.428571 and rf rate so far is 0.5798320588235294
currently on ./input/simC_c1_k8_n30_u2_s1_del02.input: current rf rate is 0.285714 and rf rate so far is 0.5634921666666667
	Command being timed: "python ./src/main.py --input-cnp-dir ./input/ --output-prefix ./output/k8_n30/"
	User time (seconds): 1472.12
	System time (seconds): 9.03
	Percent of CPU this job got: 176%
	Elapsed (wall clock) time (h:mm:ss or m:ss): 13:56.99
	Average shared text size (kbytes): 0
	Average unshared data size (kbytes): 0
	Average stack size (kbytes): 0
	Average total size (kbytes): 0
	Maximum resident set size (kbytes): 194052
	Average resident set size (kbytes): 0
	Major (requiring I/O) page faults: 7
	Minor (reclaiming a frame) page faults: 2056851
	Voluntary context switches: 253023
	Involuntary context switches: 410533
	Swaps: 0
	File system inputs: 3840
	File system outputs: 2400
	Socket messages sent: 0
	Socket messages received: 0
	Signals delivered: 0
	Page size (bytes): 4096
	Exit status: 0
