#PARAMS
1 #number of chromosomes
3 #number of leaves
15 #number of segments per chromosome
#PROFILES
0 : 2 2 2 2 2 2 2 2 2 2 2 2 2 2 2
1 : 2 2 1 1 2 4 4 2 3 4 4 5 4 4 2
2 : 1 1 0 0 1 4 4 4 5 5 5 5 4 4 4
3 : 2 2 1 1 2 4 4 2 3 4 5 7 4 4 2
4 : 2 2 1 1 2 5 5 4 5 6 6 7 6 5 3
#EDGES
1 -> 4
1 -> 3
0 -> 2
0 -> 1
#EVENTS
0 1 4 5 14 1
0 1 4 7 12 1
0 1 3 10 11 1
0 1 3 11 11 1
0 0 2 0 4 -1
0 0 2 2 3 -1
0 0 2 5 14 1
0 0 2 5 14 1
0 0 2 8 11 1
0 0 1 2 8 -1
0 0 1 4 13 1
0 0 1 5 6 1
0 0 1 5 6 1
0 0 1 8 13 1
0 0 1 11 11 1
