#PARAMS
1 #number of chromosomes
2 #number of leaves
40 #number of segments per chromosome
#PROFILES
0 : 2 2 2 2 2 2 2 2 2 2 2 2 2 2 2 2 2 2 2 2 2 2 2 2 2 2 2 2 2 2 2 2 2 2 2 2 2 2 2 2
1 : 2 1 2 2 1 1 1 1 1 1 1 2 1 1 1 2 2 2 1 2 2 3 3 3 4 3 2 2 2 2 3 3 3 3 3 3 3 3 2 2
2 : 1 1 2 2 1 1 1 1 1 1 1 1 1 1 2 3 3 3 2 2 3 2 2 3 4 3 2 2 2 2 3 3 3 3 3 3 3 3 3 3
#EDGES
0 -> 2
0 -> 1
#EVENTS
0 0 2 0 1 -1
0 0 2 4 14 -1
0 0 2 14 17 1
0 0 2 20 20 1
0 0 2 23 25 1
0 0 2 24 24 1
0 0 2 30 39 1
0 0 1 1 1 -1
0 0 1 4 10 -1
0 0 1 12 14 -1
0 0 1 18 20 -1
0 0 1 19 25 1
0 0 1 24 24 1
0 0 1 30 37 1
