#PARAMS
1 #number of chromosomes
2 #number of leaves
40 #number of segments per chromosome
#PROFILES
0 : 2 2 2 2 2 2 2 2 2 2 2 2 2 2 2 2 2 2 2 2 2 2 2 2 2 2 2 2 2 2 2 2 2 2 2 2 2 2 2 2
1 : 2 2 3 3 3 3 3 3 3 4 4 4 3 3 3 3 3 3 3 2 2 2 2 2 3 4 5 4 4 4 4 4 4 4 4 3 3 3 3 3
2 : 2 2 2 2 2 2 2 2 2 3 3 3 3 3 3 3 3 3 4 3 3 3 3 3 3 4 5 5 4 3 3 3 3 3 3 2 2 3 3 3
#EDGES
0 -> 2
0 -> 1
#EVENTS
0 0 2 19 25 -1
0 0 2 9 34 1
0 0 2 18 28 1
0 0 2 25 27 1
0 0 2 37 39 1
0 0 1 2 18 1
0 0 1 9 11 1
0 0 1 24 39 1
0 0 1 25 34 1
0 0 1 26 26 1
