#PARAMS
1 #number of chromosomes
3 #number of leaves
30 #number of segments per chromosome
#PROFILES
0 : 2 2 2 2 2 2 2 2 2 2 2 2 2 2 2 2 2 2 2 2 2 2 2 2 2 2 2 2 2 2
1 : 2 2 2 1 1 1 1 1 1 1 1 2 2 1 2 2 3 3 4 4 3 3 3 4 4 4 4 3 2 1
2 : 1 1 1 0 0 0 0 0 0 0 1 2 2 1 2 2 3 4 5 4 3 3 3 4 4 4 4 4 4 3
3 : 2 2 2 1 1 1 1 1 1 1 1 2 2 1 2 2 3 3 4 3 2 3 2 3 4 4 4 3 2 1
4 : 2 2 2 1 1 1 1 1 1 1 2 3 3 2 4 4 5 5 6 5 4 4 4 6 6 5 5 4 3 2
#EDGES
1 -> 4
1 -> 3
0 -> 2
0 -> 1
#EVENTS
0 1 4 10 29 1
0 1 4 14 18 1
0 1 4 23 24 1
0 1 3 19 20 -1
0 1 3 22 23 -1
0 0 2 0 15 -1
0 0 2 3 9 -1
0 0 2 20 22 -1
0 0 2 11 12 1
0 0 2 14 29 1
0 0 2 17 28 1
0 0 2 18 18 1
0 0 1 3 13 -1
0 0 1 20 22 -1
0 0 1 28 29 -1
0 0 1 11 12 1
0 0 1 16 28 1
0 0 1 18 26 1
