#PARAMS
1 #number of chromosomes
3 #number of leaves
30 #number of segments per chromosome
#PROFILES
0 : 2 2 2 2 2 2 2 2 2 2 2 2 2 2 2 2 2 2 2 2 2 2 2 2 2 2 2 2 2 2
1 : 2 3 3 3 3 3 3 4 4 4 4 4 4 4 4 4 4 4 4 4 4 4 4 4 4 4 3 3 3 3
2 : 3 3 2 2 2 2 2 2 2 2 2 3 3 3 3 3 3 3 3 2 2 2 2 2 2 2 2 2 2 2
3 : 2 2 2 2 2 2 2 3 3 2 2 2 2 2 2 2 2 2 3 4 4 5 5 6 6 6 5 3 3 3
4 : 2 3 3 3 3 3 3 4 4 4 4 4 4 4 4 4 4 4 4 4 4 4 4 4 4 4 3 3 3 3
#EDGES
1 -> 4
1 -> 3
0 -> 2
0 -> 1
#EVENTS
0 1 3 1 18 -1
0 1 3 9 17 -1
0 1 3 21 26 1
0 1 3 23 26 1
0 0 2 2 10 -1
0 0 2 0 18 1
0 0 1 1 29 1
0 0 1 7 25 1
