#PARAMS
1 #number of chromosomes
3 #number of leaves
30 #number of segments per chromosome
#PROFILES
0 : 2 2 2 2 2 2 2 2 2 2 2 2 2 2 2 2 2 2 2 2 2 2 2 2 2 2 2 2 2 2
1 : 1 1 1 1 1 1 1 1 1 1 1 1 1 1 3 4 4 4 4 4 4 4 4 3 3 3 3 3 3 3
2 : 1 1 1 1 1 1 1 1 1 1 1 1 1 1 2 3 3 2 2 2 2 2 2 2 2 2 3 3 3 3
3 : 1 1 1 1 1 1 1 1 1 1 1 1 1 1 3 4 4 4 4 4 4 3 3 2 2 2 2 2 3 3
4 : 1 1 1 1 1 1 1 1 1 1 1 1 1 2 4 5 5 5 5 5 5 5 5 4 4 4 4 4 4 3
#EDGES
1 -> 4
1 -> 3
0 -> 2
0 -> 1
#EVENTS
0 1 4 13 28 1
0 1 3 21 27 -1
0 0 2 0 14 -1
0 0 2 17 25 -1
0 0 2 14 29 1
0 0 1 0 13 -1
0 0 1 14 29 1
0 0 1 15 22 1
