#PARAMS
1 #number of chromosomes
3 #number of leaves
30 #number of segments per chromosome
#PROFILES
0 : 2 2 2 2 2 2 2 2 2 2 2 2 2 2 2 2 2 2 2 2 2 2 2 2 2 2 2 2 2 2
1 : 4 4 4 4 4 4 4 4 4 4 4 4 4 4 3 3 3 3 3 3 3 3 3 3 3 3 2 2 2 2
2 : 5 5 5 5 5 5 6 6 6 6 6 6 6 6 5 5 5 4 4 4 4 4 4 4 4 4 3 3 3 2
3 : 4 4 4 4 4 4 4 4 4 4 4 4 4 5 4 4 4 4 4 4 4 4 4 4 4 4 3 3 3 2
4 : 3 3 3 3 3 3 4 4 4 4 4 4 4 5 4 3 3 3 3 3 3 3 3 3 3 3 2 2 2 2
#EDGES
1 -> 3
1 -> 2
0 -> 4
0 -> 1
#EVENTS
0 1 3 13 28 1
0 1 2 0 28 1
0 1 2 6 16 1
0 0 4 0 25 1
0 0 4 6 14 1
0 0 4 13 13 1
0 0 1 0 25 1
0 0 1 0 13 1
