#PARAMS
1 #number of chromosomes
3 #number of leaves
30 #number of segments per chromosome
#PROFILES
0 : 2 2 2 2 2 2 2 2 2 2 2 2 2 2 2 2 2 2 2 2 2 2 2 2 2 2 2 2 2 2
1 : 2 3 3 2 2 2 2 2 2 2 2 2 2 2 2 2 2 2 2 2 1 1 1 2 2 2 2 2 2 2
2 : 2 3 3 2 2 2 2 2 2 2 2 3 3 3 3 4 3 2 2 3 2 2 2 3 3 3 3 3 2 2
3 : 2 3 3 2 2 2 2 2 2 2 2 2 2 2 2 2 2 2 2 2 1 1 1 2 2 2 3 2 2 2
4 : 2 2 2 2 2 2 3 3 3 3 2 2 2 2 2 2 2 2 2 2 2 3 3 3 3 3 3 3 2 2
#EDGES
1 -> 3
1 -> 2
0 -> 4
0 -> 1
#EVENTS
0 1 3 26 26 1
0 1 2 11 16 1
0 1 2 15 15 1
0 1 2 19 27 1
0 0 4 10 20 -1
0 0 4 6 27 1
0 0 1 20 22 -1
0 0 1 1 2 1
