#PARAMS
1 #number of chromosomes
3 #number of leaves
30 #number of segments per chromosome
#PROFILES
0 : 2 2 2 2 2 2 2 2 2 2 2 2 2 2 2 2 2 2 2 2 2 2 2 2 2 2 2 2 2 2
1 : 5 4 4 4 4 4 5 5 5 5 5 6 6 5 5 5 5 5 5 5 5 5 4 3 3 3 3 3 3 2
2 : 3 3 3 2 2 2 2 3 3 3 3 3 3 4 4 4 4 4 4 4 3 3 3 2 2 2 2 2 2 2
3 : 5 4 4 4 4 4 7 7 7 7 7 8 8 7 6 5 5 5 5 5 5 5 4 3 3 3 3 3 3 2
4 : 5 4 4 4 4 4 5 5 5 5 5 6 6 5 5 5 6 6 6 6 6 6 5 4 4 4 3 3 3 2
#EDGES
1 -> 4
1 -> 3
0 -> 2
0 -> 1
#EVENTS
0 1 4 16 25 1
0 1 3 6 14 1
0 1 3 6 13 1
0 0 2 3 12 -1
0 0 2 0 22 1
0 0 2 7 19 1
0 0 1 0 28 1
0 0 1 0 22 1
0 0 1 0 0 1
0 0 1 6 21 1
0 0 1 11 12 1
