#PARAMS
1 #number of chromosomes
3 #number of leaves
30 #number of segments per chromosome
#PROFILES
0 : 2 2 2 2 2 2 2 2 2 2 2 2 2 2 2 2 2 2 2 2 2 2 2 2 2 2 2 2 2 2
1 : 3 3 3 3 3 3 3 2 2 2 2 3 3 3 3 3 3 3 3 2 2 2 2 2 3 3 3 3 3 2
2 : 3 3 3 3 3 3 3 2 2 2 2 3 3 3 3 3 3 3 3 2 2 2 2 2 3 3 3 3 3 2
3 : 3 3 3 3 3 3 4 3 3 2 2 3 3 3 3 3 3 3 3 2 2 2 2 2 3 3 3 3 3 2
4 : 2 2 2 2 2 3 4 3 3 3 3 4 4 4 4 4 4 4 4 3 2 2 2 2 3 3 3 3 3 2
#EDGES
1 -> 3
1 -> 2
0 -> 4
0 -> 1
#EVENTS
0 1 3 6 8 1
0 0 4 7 23 -1
0 0 4 5 28 1
0 0 4 6 19 1
0 0 4 11 18 1
0 0 1 7 10 -1
0 0 1 0 18 1
0 0 1 24 28 1
