#PARAMS
1 #number of chromosomes
3 #number of leaves
30 #number of segments per chromosome
#PROFILES
0 : 2 2 2 2 2 2 2 2 2 2 2 2 2 2 2 2 2 2 2 2 2 2 2 2 2 2 2 2 2 2
1 : 3 3 3 3 3 3 4 4 4 4 4 4 4 4 4 4 4 5 5 5 6 6 5 4 4 2 2 1 1 1
2 : 3 3 3 3 3 3 4 4 4 4 4 4 4 4 4 4 4 4 4 4 4 5 3 2 2 1 1 1 1 1
3 : 3 4 4 4 4 4 5 5 5 5 5 5 4 4 4 4 4 5 4 4 5 5 4 3 4 2 2 1 1 1
4 : 3 3 3 3 3 3 4 4 4 4 4 4 4 5 5 5 4 5 5 5 7 7 5 4 4 2 2 1 1 1
#EDGES
1 -> 4
1 -> 3
0 -> 2
0 -> 1
#EVENTS
0 1 4 13 15 1
0 1 4 20 21 1
0 1 3 12 23 -1
0 1 3 1 17 1
0 0 2 23 29 -1
0 0 2 0 24 1
0 0 2 6 21 1
0 0 2 21 21 1
0 0 1 27 29 -1
0 0 1 0 24 1
0 0 1 6 24 1
0 0 1 17 22 1
0 0 1 20 21 1
