#PARAMS
1 #number of chromosomes
3 #number of leaves
30 #number of segments per chromosome
#PROFILES
0 : 2 2 2 2 2 2 2 2 2 2 2 2 2 2 2 2 2 2 2 2 2 2 2 2 2 2 2 2 2 2
1 : 3 3 3 3 3 3 3 3 3 3 3 3 3 4 4 3 4 4 4 4 4 4 4 4 4 4 2 2 2 2
2 : 2 2 2 2 2 2 2 3 3 3 3 3 3 4 4 4 4 4 4 4 3 3 3 2 2 2 2 2 2 2
3 : 3 3 3 3 3 3 3 3 3 3 3 3 3 4 4 3 4 4 4 4 4 4 4 4 4 3 1 1 1 1
4 : 3 3 3 3 3 3 3 3 3 3 3 3 3 4 4 3 4 4 4 4 4 5 4 4 4 4 2 2 2 2
#EDGES
1 -> 4
1 -> 3
0 -> 2
0 -> 1
#EVENTS
0 1 4 21 21 1
0 1 3 25 29 -1
0 0 2 7 22 1
0 0 2 13 19 1
0 0 1 0 25 1
0 0 1 13 14 1
0 0 1 16 25 1
