#PARAMS
1 #number of chromosomes
3 #number of leaves
30 #number of segments per chromosome
#PROFILES
0 : 2 2 2 2 2 2 2 2 2 2 2 2 2 2 2 2 2 2 2 2 2 2 2 2 2 2 2 2 2 2
1 : 2 2 2 2 2 2 2 3 3 3 3 3 3 3 3 3 3 3 3 3 3 3 3 3 3 3 3 3 3 3
2 : 3 3 2 2 2 2 2 2 2 2 2 3 3 3 3 3 3 3 3 2 2 2 2 2 2 2 2 2 2 2
3 : 2 3 3 3 3 3 3 4 4 3 3 3 3 3 2 2 2 2 3 4 5 4 4 4 4 4 4 3 3 3
4 : 2 2 2 2 2 2 2 3 3 3 3 3 3 3 3 3 3 4 4 4 4 4 4 4 4 3 3 3 3 3
#EDGES
1 -> 4
1 -> 3
0 -> 2
0 -> 1
#EVENTS
0 1 4 17 24 1
0 1 3 9 18 -1
0 1 3 14 17 -1
0 1 3 1 26 1
0 1 3 20 20 1
0 0 2 2 10 -1
0 0 2 0 18 1
0 0 1 7 29 1
