#PARAMS
1 #number of chromosomes
3 #number of leaves
30 #number of segments per chromosome
#PROFILES
0 : 2 2 2 2 2 2 2 2 2 2 2 2 2 2 2 2 2 2 2 2 2 2 2 2 2 2 2 2 2 2
1 : 3 3 3 3 3 3 3 3 3 3 3 3 3 3 5 6 6 6 6 6 6 6 6 5 5 5 3 3 3 3
2 : 3 3 3 3 3 3 3 3 3 3 3 3 3 3 4 5 5 6 6 6 6 6 6 4 4 4 3 3 3 3
3 : 3 3 3 3 3 3 3 3 3 3 3 3 3 3 5 6 6 6 6 6 6 7 7 6 6 6 4 4 3 3
4 : 3 3 3 3 3 3 3 3 3 3 3 3 3 4 6 7 7 7 7 7 7 7 7 6 6 6 4 4 4 3
#EDGES
1 -> 4
1 -> 3
0 -> 2
0 -> 1
#EVENTS
0 1 4 13 28 1
0 1 3 21 27 1
0 0 2 0 29 1
0 0 2 14 25 1
0 0 2 15 22 1
0 0 2 17 22 1
0 0 1 0 29 1
0 0 1 14 25 1
0 0 1 14 25 1
0 0 1 15 22 1
