#PARAMS
1 #number of chromosomes
3 #number of leaves
30 #number of segments per chromosome
#PROFILES
0 : 2 2 2 2 2 2 2 2 2 2 2 2 2 2 2 2 2 2 2 2 2 2 2 2 2 2 2 2 2 2
1 : 2 3 3 2 2 2 2 2 3 3 3 3 3 3 3 3 3 3 3 2 2 3 3 2 2 2 2 2 2 2
2 : 2 3 3 2 2 2 2 2 2 1 1 2 2 2 3 3 3 3 3 2 3 4 3 2 2 2 2 2 2 2
3 : 2 3 3 2 2 2 2 2 3 3 3 3 3 3 3 4 4 4 5 4 4 5 5 4 4 4 4 4 3 2
4 : 2 2 2 2 2 2 3 3 3 3 3 3 3 3 3 3 2 2 2 2 2 2 2 2 2 2 2 2 2 2
#EDGES
1 -> 3
1 -> 2
0 -> 4
0 -> 1
#EVENTS
0 1 3 15 28 1
0 1 3 18 27 1
0 1 2 8 19 -1
0 1 2 9 13 -1
0 1 2 11 21 1
0 0 4 6 15 1
0 0 1 3 20 -1
0 0 1 1 22 1
0 0 1 8 18 1
