#PARAMS
1 #number of chromosomes
3 #number of leaves
30 #number of segments per chromosome
#PROFILES
0 : 2 2 2 2 2 2 2 2 2 2 2 2 2 2 2 2 2 2 2 2 2 2 2 2 2 2 2 2 2 2
1 : 2 2 2 2 2 2 2 3 3 3 3 4 4 5 5 5 4 5 5 5 6 7 6 6 6 6 6 5 3 3
2 : 2 2 3 3 3 2 2 3 3 3 3 3 3 4 4 4 4 4 4 5 6 7 6 6 6 6 6 5 4 3
3 : 2 2 2 2 2 2 2 3 3 3 3 4 4 5 5 5 4 5 5 5 6 7 6 6 6 7 7 6 3 3
4 : 2 2 2 2 3 3 3 4 4 4 4 5 5 6 6 6 5 6 6 6 7 8 7 7 7 7 6 5 3 3
#EDGES
1 -> 4
1 -> 3
0 -> 2
0 -> 1
#EVENTS
0 1 4 4 25 1
0 1 3 25 27 1
0 0 2 5 18 -1
0 0 2 2 29 1
0 0 2 7 28 1
0 0 2 13 27 1
0 0 2 20 26 1
0 0 2 21 21 1
0 0 1 16 16 -1
0 0 1 7 29 1
0 0 1 11 27 1
0 0 1 13 27 1
0 0 1 20 26 1
0 0 1 21 21 1
