#PARAMS
1 #number of chromosomes
3 #number of leaves
30 #number of segments per chromosome
#PROFILES
0 : 2 2 2 2 2 2 2 2 2 2 2 2 2 2 2 2 2 2 2 2 2 2 2 2 2 2 2 2 2 2
1 : 2 2 2 2 2 2 2 3 3 3 3 2 2 1 1 1 2 3 3 5 6 5 4 4 4 4 4 3 3 3
2 : 2 2 1 1 1 2 2 3 3 3 3 3 3 4 4 4 4 4 4 5 6 5 4 4 4 4 4 3 4 3
3 : 2 2 2 2 2 2 2 3 3 3 3 2 2 1 1 1 2 3 3 5 6 5 4 4 4 5 5 4 3 3
4 : 2 2 2 2 3 3 3 4 4 4 4 3 3 2 2 2 3 4 4 6 7 6 5 5 5 5 4 3 3 3
#EDGES
1 -> 4
1 -> 3
0 -> 2
0 -> 1
#EVENTS
0 1 4 4 25 1
0 1 3 25 27 1
0 0 2 2 4 -1
0 0 2 22 27 -1
0 0 2 7 29 1
0 0 2 13 28 1
0 0 2 19 26 1
0 0 2 20 20 1
0 0 1 13 15 -1
0 0 1 7 10 1
0 0 1 17 29 1
0 0 1 19 26 1
0 0 1 19 21 1
0 0 1 20 20 1
