#PARAMS
1 #number of chromosomes
3 #number of leaves
30 #number of segments per chromosome
#PROFILES
0 : 2 2 2 2 2 2 2 2 2 2 2 2 2 2 2 2 2 2 2 2 2 2 2 2 2 2 2 2 2 2
1 : 2 2 1 1 1 1 1 2 2 2 2 3 3 4 3 3 2 3 3 4 4 4 4 5 5 5 4 4 3 3
2 : 2 2 1 1 1 1 1 2 2 2 2 2 2 4 3 3 3 3 3 4 4 4 4 5 5 4 4 4 4 3
3 : 2 2 1 1 1 1 1 2 2 2 2 3 3 4 3 3 2 3 3 4 4 4 4 5 5 5 5 5 3 3
4 : 2 2 1 1 2 2 3 4 4 4 4 5 5 6 5 5 4 5 5 6 6 6 6 7 7 5 4 4 3 3
#EDGES
1 -> 4
1 -> 3
0 -> 2
0 -> 1
#EVENTS
0 1 4 4 24 1
0 1 4 6 24 1
0 1 3 26 27 1
0 0 2 2 12 -1
0 0 2 14 22 -1
0 0 2 7 29 1
0 0 2 13 28 1
0 0 2 19 24 1
0 0 1 2 6 -1
0 0 1 11 15 1
0 0 1 13 13 1
0 0 1 17 29 1
0 0 1 19 27 1
0 0 1 23 25 1
