#PARAMS
1 #number of chromosomes
3 #number of leaves
30 #number of segments per chromosome
#PROFILES
0 : 2 2 2 2 2 2 2 2 2 2 2 2 2 2 2 2 2 2 2 2 2 2 2 2 2 2 2 2 2 2
1 : 3 3 3 3 3 3 4 4 4 4 4 4 4 4 4 4 4 5 5 5 3 3 3 2 2 2 2 1 1 1
2 : 3 3 3 3 3 3 4 4 4 4 4 4 4 4 4 4 4 4 4 4 4 5 3 2 2 1 1 1 1 1
3 : 3 2 2 2 2 2 3 3 3 3 3 3 2 2 2 2 2 3 4 4 3 3 2 1 2 2 2 1 1 1
4 : 3 3 3 3 3 3 4 4 4 4 4 4 4 5 5 5 4 5 5 5 3 3 3 2 2 2 2 1 1 1
#EDGES
1 -> 4
1 -> 3
0 -> 2
0 -> 1
#EVENTS
0 1 4 13 15 1
0 1 3 1 19 -1
0 1 3 12 17 -1
0 1 3 22 23 -1
0 0 2 23 29 -1
0 0 2 0 24 1
0 0 2 6 21 1
0 0 2 21 21 1
0 0 1 27 29 -1
0 0 1 0 22 1
0 0 1 6 19 1
0 0 1 17 19 1
