#PARAMS
1 #number of chromosomes
4 #number of leaves
40 #number of segments per chromosome
#PROFILES
0 : 2 2 2 2 2 2 2 2 2 2 2 2 2 2 2 2 2 2 2 2 2 2 2 2 2 2 2 2 2 2 2 2 2 2 2 2 2 2 2 2
1 : 2 2 2 2 2 2 2 2 2 3 3 3 3 3 3 3 3 3 3 2 2 2 2 2 2 3 3 3 3 3 3 3 3 3 3 3 3 3 3 3
2 : 2 2 2 2 2 2 2 2 2 3 3 3 3 3 3 3 3 3 3 2 2 2 2 2 2 3 3 3 3 3 3 3 3 3 3 3 3 3 3 3
3 : 3 3 3 2 2 2 2 2 2 2 2 2 2 2 3 3 3 3 3 3 3 3 3 3 3 2 2 2 2 2 2 2 2 2 2 2 2 2 2 2
4 : 2 2 2 2 2 2 2 2 2 3 3 3 2 2 2 2 2 2 3 2 2 2 2 2 3 4 4 4 5 5 6 6 6 6 6 4 3 3 3 3
5 : 2 3 3 2 2 2 2 2 2 3 3 3 3 3 3 3 3 4 4 3 3 3 3 3 3 4 4 4 4 3 4 4 4 3 3 3 4 4 4 4
6 : 2 3 3 4 4 4 3 3 2 3 3 3 3 2 2 2 2 2 2 2 2 2 2 2 2 3 3 3 3 3 3 3 3 3 3 3 3 3 3 3
#EDGES
2 -> 6
2 -> 4
1 -> 5
1 -> 2
0 -> 3
0 -> 1
#EVENTS
0 2 6 13 18 -1
0 2 6 1 7 1
0 2 6 3 5 1
0 2 4 12 17 -1
0 2 4 24 35 1
0 2 4 28 34 1
0 2 4 30 34 1
0 1 5 3 29 -1
0 1 5 1 32 1
0 1 5 17 28 1
0 1 5 36 39 1
0 0 3 3 13 -1
0 0 3 0 24 1
0 0 1 9 18 1
0 0 1 25 39 1
