#PARAMS
1 #number of chromosomes
4 #number of leaves
40 #number of segments per chromosome
#PROFILES
0 : 2 2 2 2 2 2 2 2 2 2 2 2 2 2 2 2 2 2 2 2 2 2 2 2 2 2 2 2 2 2 2 2 2 2 2 2 2 2 2 2
1 : 3 3 3 3 3 3 3 3 3 4 4 4 4 4 4 4 4 4 4 4 5 4 4 5 5 5 7 7 7 5 5 4 4 4 3 3 2 2 2 2
2 : 3 4 4 4 4 4 4 4 4 5 5 5 5 5 5 4 4 5 5 5 6 5 5 6 6 6 8 8 8 5 5 4 4 4 3 3 2 2 2 2
3 : 3 4 4 4 4 4 4 4 4 5 5 5 5 5 5 5 4 4 4 4 4 4 4 5 4 4 5 5 5 4 4 3 4 4 3 3 2 2 2 2
4 : 3 4 4 4 4 4 5 5 5 6 6 6 6 6 6 5 4 5 5 5 6 5 5 6 6 6 8 8 8 5 6 5 5 5 4 4 3 3 3 3
5 : 3 4 4 4 4 4 4 4 4 6 6 6 6 6 6 5 5 6 7 7 8 5 5 6 5 5 7 7 7 4 4 3 3 3 2 2 1 1 1 2
6 : 3 3 4 4 4 4 4 4 4 5 5 5 5 5 5 5 5 6 5 5 6 5 5 6 6 6 8 8 8 6 6 5 6 5 4 4 2 2 2 2
#EDGES
2 -> 5
2 -> 4
1 -> 6
1 -> 2
0 -> 3
0 -> 1
#EVENTS
0 2 5 24 38 -1
0 2 5 9 20 1
0 2 5 18 20 1
0 2 4 16 29 -1
0 2 4 6 39 1
0 1 6 18 31 -1
0 1 6 2 35 1
0 1 6 17 32 1
0 1 2 15 16 -1
0 1 2 1 28 1
0 0 3 16 22 -1
0 0 3 24 31 -1
0 0 3 0 35 1
0 0 3 1 33 1
0 0 3 9 30 1
0 0 3 26 28 1
0 0 1 0 35 1
0 0 1 9 33 1
0 0 1 20 20 1
0 0 1 23 30 1
0 0 1 26 28 1
0 0 1 26 28 1
