#PARAMS
1 #number of chromosomes
4 #number of leaves
40 #number of segments per chromosome
#PROFILES
0 : 2 2 2 2 2 2 2 2 2 2 2 2 2 2 2 2 2 2 2 2 2 2 2 2 2 2 2 2 2 2 2 2 2 2 2 2 2 2 2 2
1 : 2 2 3 3 3 3 3 3 4 4 3 3 3 3 3 3 3 3 3 3 3 2 2 2 3 2 3 3 3 3 2 2 2 2 2 2 2 2 2 2
2 : 2 2 3 3 2 2 2 2 3 3 3 3 3 3 3 4 4 4 3 3 3 2 2 2 3 2 3 3 3 3 2 2 2 2 2 2 2 2 2 2
3 : 2 2 3 4 3 3 3 4 5 5 5 5 5 5 5 6 6 6 5 5 5 4 4 4 5 4 5 5 5 5 4 4 4 3 3 3 3 2 2 2
4 : 2 2 3 3 2 2 2 2 3 3 4 4 4 4 4 5 5 5 4 4 4 3 3 3 4 3 4 3 3 3 2 2 2 2 2 2 2 2 2 2
5 : 2 2 3 3 3 3 3 3 4 4 3 3 3 3 3 3 2 2 2 2 2 1 1 1 2 1 2 2 2 3 2 2 2 2 2 2 2 2 2 2
6 : 2 3 3 3 3 3 2 2 2 2 2 2 2 2 2 2 2 2 2 2 2 2 2 2 2 2 2 3 3 3 3 3 3 3 3 3 3 3 3 2
#EDGES
2 -> 4
2 -> 3
1 -> 5
1 -> 2
0 -> 6
0 -> 1
#EVENTS
0 2 4 10 26 1
0 2 3 3 36 1
0 2 3 7 32 1
0 1 5 16 28 -1
0 1 2 4 9 -1
0 1 2 15 17 1
0 0 6 6 26 -1
0 0 6 1 38 1
0 0 1 21 23 -1
0 0 1 25 25 -1
0 0 1 2 29 1
0 0 1 8 9 1
