#PARAMS
1 #number of chromosomes
4 #number of leaves
40 #number of segments per chromosome
#PROFILES
0 : 2 2 2 2 2 2 2 2 2 2 2 2 2 2 2 2 2 2 2 2 2 2 2 2 2 2 2 2 2 2 2 2 2 2 2 2 2 2 2 2
1 : 2 1 2 2 1 1 1 1 1 1 1 2 2 2 3 4 4 4 3 3 3 4 4 4 5 4 5 5 6 6 5 6 6 6 5 5 4 3 2 2
2 : 2 1 2 2 1 1 1 1 1 1 1 2 3 3 3 4 4 4 3 2 2 3 3 3 4 3 4 4 4 4 4 4 4 4 4 4 4 4 2 2
3 : 1 0 1 1 0 0 0 0 0 0 0 1 2 2 3 4 4 4 3 2 3 5 5 4 5 4 5 5 5 5 4 4 4 4 4 4 4 4 3 3
4 : 2 1 2 2 1 1 1 1 1 1 1 2 3 3 3 4 4 4 3 2 2 3 3 3 4 3 4 4 5 5 5 5 4 4 4 4 3 3 1 1
5 : 2 1 2 2 1 1 1 1 1 1 1 2 2 2 3 4 4 4 4 5 5 6 6 5 6 5 6 6 7 6 5 6 6 6 5 5 4 3 2 2
6 : 2 1 2 2 1 1 1 1 1 1 2 3 4 4 5 6 6 6 5 5 6 7 7 7 8 7 8 7 8 8 7 8 8 8 7 7 6 4 3 2
#EDGES
2 -> 4
2 -> 3
1 -> 6
1 -> 5
0 -> 2
0 -> 1
#EVENTS
0 2 4 36 39 -1
0 2 4 28 31 1
0 2 3 0 13 -1
0 2 3 20 29 1
0 2 3 21 22 1
0 2 3 38 39 1
0 1 6 10 38 1
0 1 6 12 36 1
0 1 6 20 26 1
0 1 5 18 28 1
0 1 5 19 22 1
0 0 2 1 11 -1
0 0 2 2 3 1
0 0 2 11 18 1
0 0 2 15 17 1
0 0 2 21 37 1
0 0 2 24 24 1
0 0 2 26 37 1
0 0 1 1 13 -1
0 0 1 25 25 -1
0 0 1 30 30 -1
0 0 1 2 3 1
0 0 1 11 37 1
0 0 1 15 17 1
0 0 1 21 36 1
0 0 1 24 35 1
0 0 1 28 33 1
