#PARAMS
1 #number of chromosomes
4 #number of leaves
40 #number of segments per chromosome
#PROFILES
0 : 2 2 2 2 2 2 2 2 2 2 2 2 2 2 2 2 2 2 2 2 2 2 2 2 2 2 2 2 2 2 2 2 2 2 2 2 2 2 2 2
1 : 2 3 3 3 3 3 3 3 3 3 3 3 3 3 3 3 3 3 3 3 3 3 4 4 4 4 4 4 5 4 4 4 4 4 2 2 2 2 2 2
2 : 2 3 3 3 3 3 3 3 3 3 3 3 3 3 3 3 3 3 3 3 3 3 4 4 4 4 5 5 6 5 5 5 5 5 2 2 2 2 2 2
3 : 2 3 3 3 3 3 3 3 3 3 3 3 3 3 3 3 3 3 3 3 3 3 4 4 4 4 4 4 4 4 4 4 4 4 1 1 1 1 1 1
4 : 2 4 4 4 4 4 4 4 4 4 4 4 4 4 4 4 4 4 4 4 4 4 5 5 4 4 5 5 6 5 5 5 5 6 3 3 2 2 2 2
5 : 2 3 3 3 3 3 4 4 4 4 4 4 4 4 4 4 4 3 3 3 3 3 4 4 4 4 6 6 7 5 5 5 5 5 2 2 2 2 2 2
6 : 2 3 3 3 3 3 3 3 3 3 3 3 3 3 3 3 3 3 3 3 4 4 5 5 5 5 5 5 6 5 5 5 4 4 2 2 2 2 2 2
#EDGES
2 -> 5
2 -> 4
1 -> 6
1 -> 2
0 -> 3
0 -> 1
#EVENTS
0 2 5 6 16 1
0 2 5 26 28 1
0 2 4 1 23 1
0 2 4 33 35 1
0 1 6 20 31 1
0 1 2 26 33 1
0 0 3 34 39 -1
0 0 3 1 33 1
0 0 3 22 33 1
0 0 1 1 33 1
0 0 1 22 33 1
0 0 1 28 28 1
