#PARAMS
1 #number of chromosomes
4 #number of leaves
40 #number of segments per chromosome
#PROFILES
0 : 2 2 2 2 2 2 2 2 2 2 2 2 2 2 2 2 2 2 2 2 2 2 2 2 2 2 2 2 2 2 2 2 2 2 2 2 2 2 2 2
1 : 2 2 2 1 1 1 2 2 2 3 3 3 3 3 3 2 2 2 3 2 2 3 3 3 3 4 6 6 5 4 4 4 4 4 4 3 3 3 2 2
2 : 2 2 2 1 1 1 2 2 2 3 3 3 3 3 3 2 2 2 3 2 2 3 3 3 3 4 6 6 5 4 4 4 4 4 5 4 4 4 3 3
3 : 2 2 2 1 1 1 2 2 2 3 3 3 3 3 3 2 2 2 3 2 2 3 3 4 4 5 7 7 6 5 5 5 5 5 6 5 5 5 3 3
4 : 2 2 2 1 1 1 3 3 3 4 4 4 4 4 4 3 3 3 4 3 3 4 4 4 4 5 7 7 6 5 5 5 5 5 6 4 4 4 3 3
5 : 2 2 2 1 1 1 3 3 3 4 4 4 4 4 4 3 3 3 4 3 3 4 5 5 5 6 8 8 7 6 6 6 6 6 5 3 3 3 2 2
6 : 2 2 2 1 1 1 1 1 1 2 2 2 2 2 2 2 2 4 5 4 4 4 4 4 4 5 6 6 5 4 3 3 3 3 3 3 3 4 3 3
#EDGES
2 -> 4
2 -> 3
1 -> 5
1 -> 2
0 -> 6
0 -> 1
#EVENTS
0 2 4 6 34 1
0 2 3 23 37 1
0 1 5 6 34 1
0 1 5 22 33 1
0 1 2 34 39 1
0 0 6 3 36 -1
0 0 6 9 39 1
0 0 6 17 37 1
0 0 6 17 29 1
0 0 6 18 18 1
0 0 6 25 28 1
0 0 6 26 27 1
0 0 1 3 5 -1
0 0 1 15 17 -1
0 0 1 9 18 1
0 0 1 21 37 1
0 0 1 25 34 1
0 0 1 26 28 1
0 0 1 26 27 1
