#PARAMS
1 #number of chromosomes
4 #number of leaves
40 #number of segments per chromosome
#PROFILES
0 : 2 2 2 2 2 2 2 2 2 2 2 2 2 2 2 2 2 2 2 2 2 2 2 2 2 2 2 2 2 2 2 2 2 2 2 2 2 2 2 2
1 : 1 1 1 1 1 1 1 1 1 1 1 1 1 1 1 1 1 1 3 3 4 4 4 3 3 3 3 3 3 3 2 3 3 3 4 3 3 3 3 3
2 : 1 1 1 1 1 1 1 1 1 1 1 1 1 1 1 1 1 2 4 4 5 5 5 4 4 4 4 4 4 4 3 4 4 4 5 4 4 4 3 3
3 : 1 1 1 1 1 1 1 1 1 1 1 1 1 1 1 1 1 1 3 3 4 4 4 3 3 3 3 3 2 2 1 2 2 2 3 2 2 3 3 3
4 : 1 1 1 1 1 2 2 2 2 1 1 1 1 1 1 1 1 2 4 4 5 5 5 4 4 4 4 4 4 4 3 4 4 4 5 4 4 4 3 3
5 : 1 1 1 1 1 1 1 1 1 1 1 1 2 2 2 2 2 3 5 5 6 6 6 5 5 5 4 4 4 4 3 4 4 4 5 4 4 4 3 3
6 : 1 1 1 1 1 1 1 1 1 1 1 1 1 1 2 2 2 2 3 3 4 4 4 3 2 2 2 2 2 2 1 2 2 2 3 3 3 3 3 3
#EDGES
2 -> 5
2 -> 4
1 -> 3
1 -> 2
0 -> 6
0 -> 1
#EVENTS
0 2 5 12 25 1
0 2 4 5 8 1
0 1 3 28 36 -1
0 1 2 17 37 1
0 0 6 0 30 -1
0 0 6 14 29 1
0 0 6 18 23 1
0 0 6 20 22 1
0 0 6 34 39 1
0 0 1 0 17 -1
0 0 1 18 29 1
0 0 1 20 22 1
0 0 1 31 39 1
0 0 1 34 34 1
