#PARAMS
1 #number of chromosomes
4 #number of leaves
40 #number of segments per chromosome
#PROFILES
0 : 2 2 2 2 2 2 2 2 2 2 2 2 2 2 2 2 2 2 2 2 2 2 2 2 2 2 2 2 2 2 2 2 2 2 2 2 2 2 2 2
1 : 3 5 4 4 4 4 4 4 4 5 5 5 5 5 5 6 6 5 5 5 5 5 5 5 5 5 5 5 5 4 4 3 3 3 3 3 3 3 2 2
2 : 3 5 4 4 4 4 4 4 4 5 5 5 5 5 5 6 6 5 5 5 5 5 6 6 6 6 6 6 6 5 5 4 4 4 3 3 3 3 2 2
3 : 2 3 3 3 2 2 2 2 2 2 3 3 3 3 3 3 3 4 4 4 4 4 4 4 4 4 4 3 3 3 3 2 2 2 2 2 2 2 2 2
4 : 3 5 4 4 4 4 4 4 5 7 7 7 7 7 7 8 8 7 7 6 5 5 5 5 5 5 5 5 5 4 4 3 3 3 3 3 3 3 2 2
5 : 3 5 4 4 4 4 4 4 4 5 5 5 5 5 5 6 6 5 5 5 5 5 6 6 6 6 6 6 6 5 5 4 4 4 2 2 2 2 1 1
6 : 3 5 4 4 4 4 4 4 4 5 5 5 5 5 5 6 6 5 5 5 5 5 6 6 6 6 6 6 7 5 5 4 4 4 3 3 3 3 2 2
#EDGES
2 -> 6
2 -> 5
1 -> 4
1 -> 2
0 -> 3
0 -> 1
#EVENTS
0 2 6 28 28 1
0 2 5 34 39 -1
0 1 4 8 19 1
0 1 4 9 18 1
0 1 2 22 33 1
0 0 3 4 9 -1
0 0 3 1 30 1
0 0 3 17 26 1
0 0 1 0 37 1
0 0 1 1 30 1
0 0 1 1 1 1
0 0 1 9 28 1
0 0 1 15 16 1
