#PARAMS
1 #number of chromosomes
4 #number of leaves
40 #number of segments per chromosome
#PROFILES
0 : 2 2 2 2 2 2 2 2 2 2 2 2 2 2 2 2 2 2 2 2 2 2 2 2 2 2 2 2 2 2 2 2 2 2 2 2 2 2 2 2
1 : 2 2 2 2 2 2 2 2 2 2 2 2 2 2 2 2 2 2 2 2 2 2 3 3 3 3 2 2 3 3 3 3 3 3 2 2 2 2 2 2
2 : 2 3 3 3 3 3 3 3 3 3 3 3 3 3 3 3 3 3 3 3 3 3 4 4 4 4 4 4 4 4 4 4 4 4 2 2 2 2 2 2
3 : 2 3 3 3 3 3 3 3 3 3 3 3 3 3 3 3 3 3 3 3 3 3 4 4 4 4 4 4 4 4 4 4 4 4 1 1 1 1 1 1
4 : 2 2 2 2 2 2 2 2 2 2 2 2 2 2 2 2 2 2 2 2 2 2 3 3 4 4 3 3 4 3 3 3 3 4 3 3 2 2 2 2
5 : 2 3 3 3 3 3 4 4 4 4 4 4 4 4 4 4 4 3 3 3 3 3 4 4 4 4 2 2 3 3 3 3 3 3 2 2 2 2 2 2
6 : 2 3 3 3 3 3 3 3 3 3 3 3 3 3 3 3 3 3 3 3 4 4 5 5 5 5 5 5 6 5 5 5 4 4 2 2 2 2 2 2
#EDGES
2 -> 6
2 -> 3
1 -> 5
1 -> 4
0 -> 2
0 -> 1
#EVENTS
0 2 6 20 31 1
0 2 6 28 28 1
0 2 3 34 39 -1
0 1 5 1 25 1
0 1 5 6 16 1
0 1 4 24 28 1
0 1 4 33 35 1
0 0 2 1 33 1
0 0 2 22 33 1
0 0 1 26 27 -1
0 0 1 22 33 1
