#PARAMS
1 #number of chromosomes
4 #number of leaves
40 #number of segments per chromosome
#PROFILES
0 : 2 2 2 2 2 2 2 2 2 2 2 2 2 2 2 2 2 2 2 2 2 2 2 2 2 2 2 2 2 2 2 2 2 2 2 2 2 2 2 2
1 : 2 1 2 2 1 1 1 1 1 1 1 2 1 1 1 2 2 2 2 3 3 4 4 4 5 4 3 3 4 4 4 4 4 4 4 4 3 3 2 2
2 : 2 1 2 2 1 1 1 1 1 1 1 2 0 0 1 2 2 2 2 3 3 4 4 4 5 4 3 3 4 4 5 6 6 6 5 5 4 4 3 2
3 : 1 0 1 1 0 0 0 0 0 0 0 1 0 0 1 2 2 2 1 2 3 3 3 4 5 4 3 3 3 3 4 4 4 4 4 4 4 4 3 3
4 : 2 1 2 2 1 1 1 1 1 1 1 2 1 1 1 2 2 2 1 2 2 3 3 3 4 3 2 2 3 3 3 3 4 4 4 4 3 3 1 1
5 : 2 1 2 2 1 1 1 1 1 1 1 2 0 0 1 2 2 2 2 3 3 4 4 3 4 3 2 2 3 4 5 6 6 6 5 5 4 3 2 2
6 : 2 1 2 2 1 1 1 1 1 1 0 1 0 0 1 2 2 2 1 3 4 5 5 5 6 5 4 3 4 4 5 6 6 6 5 5 4 4 3 2
#EDGES
2 -> 6
2 -> 5
1 -> 4
1 -> 2
0 -> 3
0 -> 1
#EVENTS
0 2 6 10 11 -1
0 2 6 18 18 -1
0 2 6 20 26 1
0 2 5 23 28 -1
0 2 5 37 38 -1
0 1 4 18 31 -1
0 1 4 38 39 -1
0 1 2 12 13 -1
0 1 2 30 38 1
0 1 2 31 33 1
0 0 3 0 22 -1
0 0 3 1 1 -1
0 0 3 4 10 -1
0 0 3 12 13 -1
0 0 3 26 29 -1
0 0 3 15 17 1
0 0 3 19 39 1
0 0 3 20 37 1
0 0 3 24 24 1
0 0 1 1 1 -1
0 0 1 4 10 -1
0 0 1 12 18 -1
0 0 1 15 37 1
0 0 1 21 25 1
0 0 1 24 24 1
0 0 1 28 35 1
