#PARAMS
1 #number of chromosomes
4 #number of leaves
40 #number of segments per chromosome
#PROFILES
0 : 2 2 2 2 2 2 2 2 2 2 2 2 2 2 2 2 2 2 2 2 2 2 2 2 2 2 2 2 2 2 2 2 2 2 2 2 2 2 2 2
1 : 2 2 2 1 1 1 1 1 1 2 2 2 2 2 2 1 1 3 3 2 2 3 3 3 3 4 4 4 4 4 5 5 5 5 5 4 5 4 4 3
2 : 2 2 2 1 1 1 2 2 2 3 3 3 3 3 3 2 2 4 4 3 3 4 5 5 5 6 6 6 6 6 7 7 7 7 6 4 5 4 4 3
3 : 2 2 2 1 1 1 1 1 1 2 2 2 2 2 2 1 1 3 3 2 2 3 3 4 4 5 5 5 5 5 6 6 6 5 6 5 6 5 4 3
4 : 2 2 3 2 2 2 3 3 4 5 5 5 5 5 5 4 4 6 6 5 5 6 7 7 7 8 8 8 8 8 9 9 9 8 7 4 5 4 4 3
5 : 2 2 2 1 1 1 2 2 3 4 4 4 4 4 4 3 2 4 4 3 3 4 5 5 5 6 6 6 6 6 7 7 7 7 6 4 5 4 4 3
6 : 2 2 2 1 1 1 1 1 1 2 2 2 2 2 2 2 2 4 4 3 3 3 3 3 3 4 4 4 4 4 4 4 4 3 3 3 4 4 4 3
#EDGES
2 -> 5
2 -> 4
1 -> 3
1 -> 2
0 -> 6
0 -> 1
#EVENTS
0 2 5 8 15 1
0 2 4 2 34 1
0 2 4 8 32 1
0 1 3 33 33 -1
0 1 3 23 37 1
0 1 2 6 34 1
0 1 2 22 33 1
0 0 6 3 35 -1
0 0 6 9 39 1
0 0 6 17 38 1
0 0 6 17 18 1
0 0 6 25 32 1
0 0 1 3 8 -1
0 0 1 15 16 -1
0 0 1 19 24 -1
0 0 1 35 35 -1
0 0 1 17 39 1
0 0 1 21 38 1
0 0 1 30 36 1
