#PARAMS
1 #number of chromosomes
4 #number of leaves
40 #number of segments per chromosome
#PROFILES
0 : 2 2 2 2 2 2 2 2 2 2 2 2 2 2 2 2 2 2 2 2 2 2 2 2 2 2 2 2 2 2 2 2 2 2 2 2 2 2 2 2
1 : 2 2 2 3 3 3 3 3 3 4 4 4 4 4 4 5 5 7 8 7 7 6 6 6 6 6 6 6 7 6 6 6 6 6 6 5 5 3 2 2
2 : 2 2 2 3 3 3 3 3 3 4 4 4 4 4 4 5 5 7 8 7 7 6 7 7 7 8 8 8 9 8 8 8 8 8 7 5 5 3 2 2
3 : 2 2 2 3 3 3 2 2 2 3 3 3 3 3 3 4 4 6 7 6 6 5 5 6 6 7 7 7 8 7 7 7 7 7 8 7 7 5 3 3
4 : 2 2 2 3 3 3 3 3 3 4 4 4 4 4 4 5 5 7 8 7 7 6 8 8 8 9 9 9 10 9 9 9 9 9 8 6 6 4 3 3
5 : 2 2 2 3 3 3 3 3 3 4 4 4 4 4 4 5 5 7 8 7 7 6 7 7 7 8 8 8 9 8 8 8 8 8 7 5 5 3 2 2
6 : 2 2 2 3 3 3 3 3 3 4 4 4 4 4 4 4 4 4 5 4 4 4 4 4 4 5 6 6 7 6 5 5 5 5 5 5 5 4 3 3
#EDGES
2 -> 5
2 -> 4
1 -> 3
1 -> 2
0 -> 6
0 -> 1
#EVENTS
0 2 4 22 39 1
0 1 3 6 22 -1
0 1 3 25 39 1
0 1 3 34 37 1
0 1 2 22 34 1
0 1 2 25 33 1
0 0 6 19 27 -1
0 0 6 3 39 1
0 0 6 9 37 1
0 0 6 18 36 1
0 0 6 25 29 1
0 0 6 26 28 1
0 0 1 3 37 1
0 0 1 9 36 1
0 0 1 15 36 1
0 0 1 17 34 1
0 0 1 17 20 1
0 0 1 18 18 1
0 0 1 28 28 1
