#PARAMS
1 #number of chromosomes
4 #number of leaves
40 #number of segments per chromosome
#PROFILES
0 : 2 2 2 2 2 2 2 2 2 2 2 2 2 2 2 2 2 2 2 2 2 2 2 2 2 2 2 2 2 2 2 2 2 2 2 2 2 2 2 2
1 : 2 2 2 2 2 2 2 2 2 2 2 2 2 2 2 2 2 2 2 2 2 2 2 2 2 3 3 3 3 3 3 3 3 3 3 3 3 3 3 3
2 : 2 2 2 2 2 2 2 2 2 3 3 3 3 3 3 3 3 3 3 2 2 2 2 2 2 3 3 3 3 3 4 4 4 4 4 4 4 4 4 4
3 : 3 3 3 2 2 2 2 2 2 2 2 2 2 2 3 3 3 3 3 3 3 3 3 3 3 2 2 2 2 2 2 2 2 2 2 2 2 2 2 2
4 : 2 2 2 2 2 2 2 2 2 3 3 3 2 2 2 2 2 2 3 2 2 2 2 2 3 4 4 4 5 5 6 6 6 6 6 4 3 3 3 3
5 : 2 1 1 0 0 0 0 0 0 1 1 1 1 1 1 1 1 2 2 1 1 1 1 1 1 2 2 2 2 3 4 4 4 3 3 3 4 4 4 4
6 : 2 3 3 4 4 4 3 3 2 3 3 3 3 2 2 2 2 2 2 2 2 2 2 2 2 3 3 3 3 3 3 3 3 3 3 3 3 3 3 3
#EDGES
2 -> 5
2 -> 4
1 -> 6
1 -> 2
0 -> 3
0 -> 1
#EVENTS
0 2 5 1 35 -1
0 2 5 3 16 -1
0 2 5 29 32 1
0 2 4 12 23 -1
0 2 4 35 39 -1
0 2 4 18 35 1
0 2 4 28 34 1
0 1 6 1 7 1
0 1 6 3 5 1
0 1 6 9 12 1
0 1 2 9 18 1
0 1 2 30 39 1
0 0 3 3 13 -1
0 0 3 0 24 1
0 0 1 25 39 1
