#PARAMS
1 #number of chromosomes
4 #number of leaves
40 #number of segments per chromosome
#PROFILES
0 : 2 2 2 2 2 2 2 2 2 2 2 2 2 2 2 2 2 2 2 2 2 2 2 2 2 2 2 2 2 2 2 2 2 2 2 2 2 2 2 2
1 : 2 2 3 3 3 3 4 4 4 4 3 3 3 3 3 3 3 3 4 4 4 4 4 4 3 3 3 2 2 2 2 2 2 2 2 2 2 2 2 2
2 : 2 2 3 3 2 2 3 3 3 3 2 2 3 3 3 3 3 3 4 4 4 3 3 4 3 3 3 2 2 2 2 2 2 2 2 2 2 2 2 2
3 : 2 2 3 3 2 2 3 3 3 3 3 3 4 4 4 4 4 4 4 4 4 4 4 4 3 3 3 2 3 3 3 3 3 3 3 3 3 3 3 3
4 : 2 2 3 3 2 2 3 3 3 3 2 2 2 2 2 2 2 2 3 4 4 4 4 4 3 3 3 2 2 2 2 2 2 2 2 2 2 2 2 2
5 : 2 2 3 3 2 3 4 4 4 4 3 3 4 4 3 3 3 3 4 4 4 3 3 4 3 3 3 2 2 2 2 2 2 2 2 2 2 2 2 2
6 : 2 2 3 3 2 2 3 4 4 4 3 3 4 4 4 4 4 4 5 5 5 4 4 5 4 4 4 2 2 2 2 2 2 2 2 2 2 2 2 2
#EDGES
2 -> 6
2 -> 5
1 -> 4
1 -> 2
0 -> 3
0 -> 1
#EVENTS
0 2 6 7 26 1
0 2 5 5 13 1
0 1 4 4 18 -1
0 1 2 4 11 -1
0 1 2 21 22 -1
0 0 3 4 11 -1
0 0 3 27 27 -1
0 0 3 2 39 1
0 0 3 6 23 1
0 0 1 2 26 1
0 0 1 6 9 1
0 0 1 18 23 1
