#PARAMS
1 #number of chromosomes
4 #number of leaves
40 #number of segments per chromosome
#PROFILES
0 : 2 2 2 2 2 2 2 2 2 2 2 2 2 2 2 2 2 2 2 2 2 2 2 2 2 2 2 2 2 2 2 2 2 2 2 2 2 2 2 2
1 : 2 2 2 2 2 2 2 3 3 2 3 3 3 3 3 3 3 3 3 3 3 3 3 3 3 3 1 1 1 1 1 1 2 2 2 2 2 2 2 2
2 : 2 2 2 2 3 3 3 4 4 3 4 4 4 4 3 3 3 3 3 3 3 3 3 3 3 3 1 1 1 1 1 1 2 2 2 2 2 2 2 2
3 : 3 3 3 3 3 3 3 3 3 2 3 3 2 2 2 2 2 2 2 2 2 2 2 2 2 2 1 1 1 1 1 1 2 2 2 2 2 2 2 2
4 : 2 2 2 2 3 3 3 4 4 3 4 4 4 4 3 3 4 4 4 4 4 4 4 4 4 4 2 2 2 2 2 2 3 3 3 3 3 3 2 2
5 : 2 2 2 2 3 3 3 4 4 3 4 4 5 5 4 4 4 4 4 4 4 4 4 4 3 3 1 1 1 1 1 1 2 2 2 2 2 2 2 2
6 : 2 2 2 2 2 2 2 3 3 2 3 3 3 3 3 3 3 3 3 3 2 2 2 2 3 3 1 1 1 1 1 1 2 2 2 2 2 2 2 2
#EDGES
2 -> 5
2 -> 4
1 -> 6
1 -> 2
0 -> 3
0 -> 1
#EVENTS
0 2 5 12 23 1
0 2 4 16 37 1
0 1 6 20 23 -1
0 1 2 4 13 1
0 0 3 9 9 -1
0 0 3 12 31 -1
0 0 3 0 25 1
0 0 1 26 31 -1
0 0 1 7 8 1
0 0 1 10 25 1
