#PARAMS
1 #number of chromosomes
4 #number of leaves
40 #number of segments per chromosome
#PROFILES
0 : 2 2 2 2 2 2 2 2 2 2 2 2 2 2 2 2 2 2 2 2 2 2 2 2 2 2 2 2 2 2 2 2 2 2 2 2 2 2 2 2
1 : 2 1 2 2 1 2 2 2 2 0 0 2 2 2 2 3 3 3 2 2 2 3 3 3 3 4 5 5 5 5 4 4 3 3 3 3 3 3 2 2
2 : 2 1 2 2 1 2 3 3 3 0 0 3 3 3 3 4 4 4 3 3 3 4 4 4 4 5 6 6 6 6 5 5 4 4 4 4 4 4 3 2
3 : 2 1 2 2 1 1 1 1 1 1 1 2 3 3 3 4 3 3 2 2 2 3 3 2 2 3 4 4 4 4 3 3 3 3 3 3 3 3 2 2
4 : 2 1 2 2 1 2 2 3 3 0 0 3 3 3 2 3 3 3 2 2 2 3 3 3 3 4 5 4 4 5 4 4 3 3 3 3 3 3 2 2
5 : 2 1 2 2 1 2 3 3 3 0 0 3 3 3 3 4 4 4 4 4 5 6 5 5 5 6 7 7 7 7 6 6 5 5 5 5 5 4 3 2
6 : 2 1 2 2 1 2 3 3 3 0 0 3 3 3 3 4 4 4 3 3 3 4 4 4 4 5 6 6 6 6 5 5 4 4 4 5 4 4 3 2
#EDGES
2 -> 6
2 -> 5
1 -> 4
1 -> 2
0 -> 3
0 -> 1
#EVENTS
0 2 6 35 35 1
0 2 5 18 36 1
0 2 5 20 21 1
0 1 4 27 28 -1
0 1 4 7 13 1
0 1 2 6 38 1
0 0 3 1 14 -1
0 0 3 16 20 -1
0 0 3 23 24 -1
0 0 3 2 3 1
0 0 3 11 37 1
0 0 3 12 17 1
0 0 3 26 29 1
0 0 1 1 1 -1
0 0 1 4 24 -1
0 0 1 9 10 -1
0 0 1 5 37 1
0 0 1 15 17 1
0 0 1 21 31 1
0 0 1 26 29 1
