#PARAMS
1 #number of chromosomes
4 #number of leaves
40 #number of segments per chromosome
#PROFILES
0 : 2 2 2 2 2 2 2 2 2 2 2 2 2 2 2 2 2 2 2 2 2 2 2 2 2 2 2 2 2 2 2 2 2 2 2 2 2 2 2 2
1 : 3 3 3 3 3 3 3 3 3 4 4 4 4 4 4 4 4 5 5 5 6 5 5 5 5 5 3 3 3 3 3 2 2 2 3 3 2 2 2 2
2 : 3 4 4 4 4 4 4 4 4 5 5 5 5 5 5 4 4 5 5 5 6 5 5 6 6 6 4 4 4 3 3 2 2 2 3 3 2 2 2 2
3 : 3 2 2 2 2 2 2 2 2 3 3 3 3 3 3 3 2 2 2 2 2 2 2 3 4 4 3 3 3 2 2 1 2 2 3 3 2 2 2 2
4 : 3 4 4 4 4 4 5 5 5 6 6 6 6 6 6 5 4 5 5 5 6 5 5 6 6 6 4 4 4 3 4 3 3 3 4 4 3 3 3 3
5 : 3 4 4 4 4 4 4 4 4 6 6 6 6 6 6 5 5 6 5 5 6 3 3 4 5 5 3 3 3 2 2 1 1 1 2 2 1 1 1 2
6 : 3 3 4 4 4 4 4 4 4 5 5 5 5 5 5 5 5 6 5 5 6 5 5 6 6 6 4 4 4 4 4 3 4 3 4 4 2 2 2 2
#EDGES
2 -> 5
2 -> 4
1 -> 6
1 -> 2
0 -> 3
0 -> 1
#EVENTS
0 2 5 18 38 -1
0 2 5 21 23 -1
0 2 5 9 20 1
0 2 4 6 15 1
0 2 4 30 39 1
0 1 6 2 17 1
0 1 6 23 35 1
0 1 6 32 32 1
0 1 2 1 14 1
0 1 2 23 28 1
0 0 3 31 31 -1
0 0 3 0 0 1
0 0 3 9 15 1
0 0 3 23 28 1
0 0 3 24 25 1
0 0 3 34 35 1
0 0 1 21 33 -1
0 0 1 0 35 1
0 0 1 9 30 1
0 0 1 17 25 1
0 0 1 20 25 1
