#PARAMS
1 #number of chromosomes
4 #number of leaves
40 #number of segments per chromosome
#PROFILES
0 : 2 2 2 2 2 2 2 2 2 2 2 2 2 2 2 2 2 2 2 2 2 2 2 2 2 2 2 2 2 2 2 2 2 2 2 2 2 2 2 2
1 : 2 2 2 2 2 2 2 2 2 3 3 3 3 3 3 3 3 3 3 3 3 3 3 3 3 3 3 3 3 3 3 3 3 3 3 3 3 3 3 3
2 : 2 1 1 1 1 1 1 1 1 2 2 2 2 2 2 2 2 2 2 1 1 1 1 1 1 2 3 3 3 3 3 3 3 3 3 3 3 3 3 3
3 : 3 3 3 2 2 2 2 2 2 2 2 2 2 2 3 3 3 3 3 3 3 3 3 3 3 2 2 2 2 2 2 2 2 2 2 2 2 2 2 2
4 : 2 2 3 3 3 3 3 3 3 4 4 4 3 3 3 3 3 3 3 2 2 2 2 2 3 4 5 4 4 4 4 4 4 4 4 3 3 3 3 3
5 : 2 1 1 1 1 1 1 1 1 2 2 2 2 2 2 2 2 2 3 2 2 2 2 2 2 3 4 4 3 3 3 3 3 3 3 3 3 4 4 4
6 : 2 3 3 4 4 4 4 4 3 4 4 4 4 3 3 3 3 3 3 3 3 3 3 3 3 3 3 3 3 3 3 3 3 3 3 3 3 3 3 3
#EDGES
2 -> 5
2 -> 4
1 -> 6
1 -> 2
0 -> 3
0 -> 1
#EVENTS
0 2 5 18 27 1
0 2 5 37 39 1
0 2 4 1 34 1
0 2 4 2 11 1
0 2 4 24 26 1
0 1 6 1 12 1
0 1 6 3 7 1
0 1 2 1 25 -1
0 1 2 19 24 -1
0 0 3 3 13 -1
0 0 3 0 24 1
0 0 1 9 39 1
