#PARAMS
1 #number of chromosomes
4 #number of leaves
40 #number of segments per chromosome
#PROFILES
0 : 2 2 2 2 2 2 2 2 2 2 2 2 2 2 2 2 2 2 2 2 2 2 2 2 2 2 2 2 2 2 2 2 2 2 2 2 2 2 2 2
1 : 2 2 3 3 2 2 2 2 3 3 3 3 3 3 3 3 3 3 3 3 3 3 3 2 2 2 1 1 1 1 2 2 2 2 2 2 2 2 2 2
2 : 2 2 3 3 2 2 2 2 3 3 3 3 3 2 2 3 3 3 2 2 2 2 2 1 1 2 1 1 2 2 3 3 3 3 3 3 3 2 2 2
3 : 2 2 3 3 2 2 2 2 3 3 4 4 4 3 3 4 4 4 3 3 3 3 3 2 2 3 2 2 3 3 4 4 4 4 4 4 4 2 2 2
4 : 2 2 3 3 2 2 2 2 3 3 3 3 3 2 2 3 3 3 2 2 2 2 2 1 1 2 1 1 3 3 4 4 4 4 4 4 4 3 3 2
5 : 2 2 3 3 2 2 2 2 3 3 3 3 3 3 3 3 3 3 3 3 3 2 2 1 1 1 0 1 1 1 2 2 2 2 2 2 2 2 2 2
6 : 2 2 2 3 3 3 3 4 4 4 4 4 4 4 4 4 4 4 4 4 4 4 4 4 4 4 4 4 4 4 4 4 4 3 3 3 3 2 2 2
#EDGES
2 -> 4
2 -> 3
1 -> 5
1 -> 2
0 -> 6
0 -> 1
#EVENTS
0 2 4 28 38 1
0 2 3 10 36 1
0 1 5 21 26 -1
0 1 2 13 14 -1
0 1 2 18 24 -1
0 1 2 28 36 1
0 0 6 3 36 1
0 0 6 7 32 1
0 0 1 4 7 -1
0 0 1 23 29 -1
0 0 1 2 25 1
