#PARAMS
1 #number of chromosomes
4 #number of leaves
15 #number of segments per chromosome
#PROFILES
0 : 2 2 2 2 2 2 2 2 2 2 2 2 2 2 2
1 : 3 3 3 3 3 3 3 3 4 4 5 4 4 2 2
2 : 3 3 3 3 3 3 3 3 4 4 6 5 5 2 2
3 : 3 3 3 3 3 3 3 3 4 4 4 4 3 1 1
4 : 4 4 4 4 4 4 4 4 5 4 6 5 6 3 2
5 : 3 3 4 4 4 4 4 3 4 4 7 5 5 2 2
6 : 3 3 3 3 3 3 3 4 5 5 6 5 4 2 2
#EDGES
2 -> 5
2 -> 4
1 -> 6
1 -> 2
0 -> 3
0 -> 1
#EVENTS
0 2 5 7 9 -1
0 2 5 2 10 1
0 2 4 0 8 1
0 2 4 12 13 1
0 1 6 7 11 1
0 1 2 10 12 1
0 0 3 13 14 -1
0 0 3 0 12 1
0 0 3 8 11 1
0 0 1 0 12 1
0 0 1 8 12 1
0 0 1 10 10 1
