#PARAMS
1 #number of chromosomes
4 #number of leaves
15 #number of segments per chromosome
#PROFILES
0 : 2 2 2 2 2 2 2 2 2 2 2 2 2 2 2
1 : 3 2 2 2 2 1 1 2 3 3 3 2 1 1 1
2 : 3 2 2 3 3 2 2 3 4 4 4 3 2 1 1
3 : 3 2 2 1 1 0 0 2 3 3 3 2 1 1 1
4 : 3 2 2 3 3 2 2 3 4 4 4 3 1 0 0
5 : 3 2 2 3 3 2 2 3 4 4 5 3 2 1 1
6 : 2 2 2 3 3 3 2 2 3 4 3 2 2 3 2
#EDGES
2 -> 5
2 -> 4
1 -> 3
1 -> 2
0 -> 6
0 -> 1
#EVENTS
0 2 5 10 10 1
0 2 4 12 14 -1
0 1 3 3 6 -1
0 1 2 3 12 1
0 0 6 6 12 -1
0 0 6 3 13 1
0 0 6 8 10 1
0 0 6 9 9 1
0 0 1 5 6 -1
0 0 1 11 14 -1
0 0 1 0 0 1
0 0 1 8 11 1
