#PARAMS
1 #number of chromosomes
4 #number of leaves
15 #number of segments per chromosome
#PROFILES
0 : 2 2 2 2 2 2 2 2 2 2 2 2 2 2 2
1 : 2 2 2 2 2 2 2 2 3 3 3 3 3 2 2
2 : 3 3 3 3 3 3 3 3 4 4 4 4 3 1 1
3 : 2 2 2 3 3 3 4 4 4 4 3 3 2 2 2
4 : 3 3 3 3 3 3 3 3 4 4 4 4 3 1 1
5 : 2 2 2 2 2 2 2 2 3 4 4 3 4 3 2
6 : 3 3 3 3 3 3 3 4 5 5 6 5 4 2 2
#EDGES
2 -> 6
2 -> 4
1 -> 5
1 -> 2
0 -> 3
0 -> 1
#EVENTS
0 2 6 7 14 1
0 2 6 10 10 1
0 1 5 9 10 1
0 1 5 12 13 1
0 1 2 13 14 -1
0 1 2 0 11 1
0 0 3 3 11 1
0 0 3 6 9 1
0 0 1 8 12 1
