#PARAMS
1 #number of chromosomes
4 #number of leaves
15 #number of segments per chromosome
#PROFILES
0 : 2 2 2 2 2 2 2 2 2 2 2 2 2 2 2
1 : 2 3 3 3 3 4 6 6 6 7 8 7 7 7 4
2 : 2 3 4 4 4 5 7 7 7 8 9 8 8 7 4
3 : 2 3 3 3 3 4 6 6 6 7 8 7 8 8 4
4 : 2 3 4 4 4 5 7 7 8 9 10 9 9 7 4
5 : 2 3 4 4 4 5 7 7 7 8 9 8 7 6 3
6 : 2 3 4 4 4 4 5 4 4 5 7 5 5 5 4
#EDGES
2 -> 5
2 -> 4
1 -> 3
1 -> 2
0 -> 6
0 -> 1
#EVENTS
0 2 5 12 14 -1
0 2 4 8 12 1
0 1 3 12 13 1
0 1 2 2 12 1
0 0 6 7 9 -1
0 0 6 1 14 1
0 0 6 2 14 1
0 0 6 6 13 1
0 0 6 9 10 1
0 0 6 10 10 1
0 0 1 1 14 1
0 0 1 5 14 1
0 0 1 6 13 1
0 0 1 6 13 1
0 0 1 9 13 1
0 0 1 10 10 1
