#PARAMS
1 #number of chromosomes
4 #number of leaves
15 #number of segments per chromosome
#PROFILES
0 : 2 2 2 2 2 2 2 2 2 2 2 2 2 2 2
1 : 4 4 4 5 5 5 5 5 5 5 3 3 3 3 2
2 : 4 4 5 6 6 5 5 5 5 5 3 3 2 3 2
3 : 3 3 2 3 3 3 4 4 4 4 3 3 2 2 2
4 : 4 4 5 6 6 5 5 5 6 6 4 4 3 4 3
5 : 4 4 4 6 6 5 5 5 4 5 3 2 1 2 1
6 : 4 4 4 5 5 5 6 6 6 6 4 4 4 4 2
#EDGES
2 -> 5
2 -> 4
1 -> 6
1 -> 2
0 -> 3
0 -> 1
#EVENTS
0 2 5 2 2 -1
0 2 5 8 8 -1
0 2 5 11 14 -1
0 2 4 8 14 1
0 1 6 6 13 1
0 1 2 12 12 -1
0 1 2 2 4 1
0 0 3 2 2 -1
0 0 3 0 11 1
0 0 3 6 9 1
0 0 1 0 13 1
0 0 1 0 9 1
0 0 1 3 9 1
