#PARAMS
1 #number of chromosomes
4 #number of leaves
15 #number of segments per chromosome
#PROFILES
0 : 2 2 2 2 2 2 2 2 2 2 2 2 2 2 2
1 : 5 4 4 5 5 6 6 5 5 5 5 4 3 3 3
2 : 5 4 4 5 5 6 6 5 6 6 6 5 4 3 3
3 : 3 3 2 3 3 3 4 4 4 4 3 3 2 2 2
4 : 5 4 4 7 7 8 8 6 5 5 5 4 3 3 3
5 : 5 4 4 5 5 6 6 5 6 6 6 5 3 2 2
6 : 5 4 4 5 5 6 6 5 6 6 7 5 4 3 3
#EDGES
2 -> 6
2 -> 5
1 -> 4
1 -> 2
0 -> 3
0 -> 1
#EVENTS
0 2 6 10 10 1
0 2 5 12 14 -1
0 1 4 3 7 1
0 1 4 3 6 1
0 1 2 8 12 1
0 0 3 2 5 -1
0 0 3 0 11 1
0 0 3 3 9 1
0 0 1 1 4 -1
0 0 1 0 14 1
0 0 1 0 11 1
0 0 1 0 10 1
0 0 1 3 6 1
