#PARAMS
1 #number of chromosomes
4 #number of leaves
15 #number of segments per chromosome
#PROFILES
0 : 2 2 2 2 2 2 2 2 2 2 2 2 2 2 2
1 : 2 2 1 1 2 4 4 4 5 5 5 6 4 4 2
2 : 2 2 1 1 2 5 5 5 6 6 6 7 6 5 3
3 : 1 1 0 0 1 4 4 4 5 5 5 5 4 4 4
4 : 2 2 1 1 2 4 4 2 3 4 5 7 4 4 2
5 : 2 2 1 1 1 4 5 5 6 6 6 7 6 5 3
6 : 2 2 1 1 3 6 6 6 7 8 8 9 8 7 4
#EDGES
2 -> 6
2 -> 5
1 -> 4
1 -> 2
0 -> 3
0 -> 1
#EVENTS
0 2 6 4 14 1
0 2 6 9 13 1
0 2 5 4 5 -1
0 1 4 7 9 -1
0 1 4 7 8 -1
0 1 4 11 11 1
0 1 2 5 14 1
0 1 2 12 12 1
0 0 3 0 7 -1
0 0 3 2 3 -1
0 0 3 5 14 1
0 0 3 5 14 1
0 0 3 5 11 1
0 0 1 2 3 -1
0 0 1 5 13 1
0 0 1 5 13 1
0 0 1 8 11 1
0 0 1 11 11 1
