#PARAMS
1 #number of chromosomes
4 #number of leaves
15 #number of segments per chromosome
#PROFILES
0 : 2 2 2 2 2 2 2 2 2 2 2 2 2 2 2
1 : 3 3 4 4 4 4 4 4 4 4 4 2 2 2 2
2 : 3 3 3 3 3 3 3 4 4 3 3 2 2 2 2
3 : 3 3 3 3 4 4 4 4 4 3 4 3 3 3 3
4 : 3 3 3 3 2 2 2 4 4 3 3 2 2 2 2
5 : 3 3 4 4 4 3 3 3 3 3 3 2 2 2 2
6 : 3 3 4 4 4 4 4 4 4 4 4 2 2 2 2
#EDGES
2 -> 4
2 -> 3
1 -> 6
1 -> 5
0 -> 2
0 -> 1
#EVENTS
0 2 4 4 6 -1
0 2 3 4 6 1
0 2 3 10 14 1
0 1 5 5 10 -1
0 0 2 0 10 1
0 0 2 7 8 1
0 0 1 0 10 1
0 0 1 2 10 1
