#PARAMS
1 #number of chromosomes
4 #number of leaves
15 #number of segments per chromosome
#PROFILES
0 : 2 2 2 2 2 2 2 2 2 2 2 2 2 2 2
1 : 4 4 4 5 5 4 4 4 4 4 6 4 4 3 2
2 : 4 4 4 5 5 4 4 4 4 4 6 4 4 3 2
3 : 4 4 4 5 5 5 4 4 5 4 5 4 4 3 2
4 : 4 4 5 6 6 5 5 5 6 6 8 6 5 4 3
5 : 4 4 4 6 6 5 7 7 6 5 7 4 3 2 1
6 : 4 4 4 5 5 5 6 6 6 6 8 6 6 4 2
#EDGES
2 -> 6
2 -> 4
1 -> 5
1 -> 2
0 -> 3
0 -> 1
#EVENTS
0 2 6 5 13 1
0 2 6 6 12 1
0 2 4 2 14 1
0 2 4 8 11 1
0 1 5 12 14 -1
0 1 5 3 10 1
0 1 5 6 8 1
0 1 5 6 7 1
0 0 3 6 9 -1
0 0 3 0 13 1
0 0 3 0 12 1
0 0 3 3 10 1
0 0 3 8 8 1
0 0 1 0 13 1
0 0 1 0 12 1
0 0 1 3 4 1
0 0 1 10 10 1
0 0 1 10 10 1
