#PARAMS
1 #number of chromosomes
4 #number of leaves
15 #number of segments per chromosome
#PROFILES
0 : 2 2 2 2 2 2 2 2 2 2 2 2 2 2 2
1 : 2 2 2 4 4 3 3 3 4 5 6 5 5 5 4
2 : 2 1 1 3 3 2 2 2 4 5 6 5 5 5 4
3 : 2 1 1 3 3 2 2 2 4 5 6 5 6 6 4
4 : 2 1 2 4 4 3 3 3 4 5 6 5 5 5 4
5 : 2 1 2 4 4 3 3 3 5 6 7 6 5 4 3
6 : 2 1 0 2 2 2 3 4 4 5 5 3 3 3 4
#EDGES
2 -> 5
2 -> 3
1 -> 4
1 -> 2
0 -> 6
0 -> 1
#EVENTS
0 2 5 13 14 -1
0 2 5 2 11 1
0 2 3 12 13 1
0 1 4 1 1 -1
0 1 2 1 7 -1
0 0 6 1 5 -1
0 0 6 2 2 -1
0 0 6 11 13 -1
0 0 6 3 14 1
0 0 6 7 14 1
0 0 6 9 10 1
0 0 1 3 14 1
0 0 1 3 4 1
0 0 1 8 14 1
0 0 1 9 13 1
0 0 1 10 10 1
