#PARAMS
1 #number of chromosomes
4 #number of leaves
15 #number of segments per chromosome
#PROFILES
0 : 2 2 2 2 2 2 2 2 2 2 2 2 2 2 2
1 : 2 2 3 0 0 3 3 3 3 4 4 4 4 4 3
2 : 2 2 3 0 0 4 4 4 4 5 5 5 5 5 4
3 : 2 2 1 1 2 4 3 2 2 2 2 2 3 3 3
4 : 2 2 3 0 0 3 3 2 2 3 3 3 3 3 3
5 : 2 2 3 0 0 4 5 5 4 5 5 5 5 5 4
6 : 2 2 3 0 0 4 4 3 3 4 4 4 4 5 4
#EDGES
2 -> 6
2 -> 5
1 -> 4
1 -> 2
0 -> 3
0 -> 1
#EVENTS
0 2 6 7 12 -1
0 2 5 6 7 1
0 1 4 7 13 -1
0 1 2 3 14 1
0 0 3 2 4 -1
0 0 3 7 11 -1
0 0 3 4 14 1
0 0 3 5 5 1
0 0 1 3 8 -1
0 0 1 3 4 -1
0 0 1 2 14 1
0 0 1 5 13 1
