#PARAMS
1 #number of chromosomes
4 #number of leaves
15 #number of segments per chromosome
#PROFILES
0 : 2 2 2 2 2 2 2 2 2 2 2 2 2 2 2
1 : 3 3 3 3 3 3 3 3 3 3 3 3 3 3 3
2 : 3 3 3 3 3 3 3 3 3 4 5 4 4 4 3
3 : 3 2 2 2 2 3 3 3 3 3 2 2 2 2 2
4 : 3 3 3 4 3 3 3 2 2 4 5 4 4 4 3
5 : 3 3 3 4 4 4 4 4 4 5 7 5 5 6 4
6 : 3 4 4 4 4 3 3 3 3 3 3 3 3 3 3
#EDGES
2 -> 5
2 -> 4
1 -> 6
1 -> 2
0 -> 3
0 -> 1
#EVENTS
0 2 5 3 14 1
0 2 5 10 10 1
0 2 5 13 13 1
0 2 4 7 8 -1
0 2 4 3 3 1
0 1 6 1 4 1
0 1 2 9 13 1
0 1 2 10 10 1
0 0 3 1 4 -1
0 0 3 0 9 1
0 0 1 0 14 1
