#PARAMS
1 #number of chromosomes
4 #number of leaves
15 #number of segments per chromosome
#PROFILES
0 : 2 2 2 2 2 2 2 2 2 2 2 2 2 2 2
1 : 3 3 3 3 3 3 3 6 7 7 7 7 5 3 3
2 : 3 3 3 3 3 3 4 7 8 8 8 8 6 4 4
3 : 3 3 3 3 3 3 3 6 7 7 8 8 6 4 3
4 : 3 3 4 4 3 3 4 7 8 8 8 8 6 4 4
5 : 3 3 3 3 4 4 5 8 9 9 8 8 6 4 4
6 : 3 3 3 3 3 4 4 6 7 6 6 6 4 3 3
#EDGES
2 -> 5
2 -> 4
1 -> 3
1 -> 2
0 -> 6
0 -> 1
#EVENTS
0 2 5 4 9 1
0 2 4 2 3 1
0 1 3 10 13 1
0 1 2 6 14 1
0 0 6 0 14 1
0 0 6 5 12 1
0 0 6 7 11 1
0 0 6 7 11 1
0 0 6 8 8 1
0 0 1 0 14 1
0 0 1 7 12 1
0 0 1 7 12 1
0 0 1 7 11 1
0 0 1 8 11 1
