#PARAMS
1 #number of chromosomes
4 #number of leaves
15 #number of segments per chromosome
#PROFILES
0 : 2 2 2 2 2 2 2 2 2 2 2 2 2 2 2
1 : 2 2 1 1 1 3 3 3 4 4 2 2 3 3 3
2 : 2 2 1 1 1 3 3 3 4 4 2 3 4 4 3
3 : 1 1 0 0 0 2 2 2 3 5 3 3 4 4 4
4 : 2 2 1 1 0 2 2 2 3 4 3 3 4 4 2
5 : 2 2 1 1 0 2 3 3 4 4 2 5 6 5 3
6 : 2 2 1 1 0 2 2 4 5 6 4 5 6 5 4
#EDGES
2 -> 6
2 -> 5
1 -> 3
1 -> 2
0 -> 4
0 -> 1
#EVENTS
0 2 6 4 6 -1
0 2 6 7 14 1
0 2 6 9 12 1
0 2 5 4 10 -1
0 2 5 6 13 1
0 2 5 11 12 1
0 1 3 0 8 -1
0 1 3 9 14 1
0 1 2 11 13 1
0 0 4 2 11 -1
0 0 4 4 4 -1
0 0 4 5 13 1
0 0 4 8 13 1
0 0 4 9 9 1
0 0 1 2 4 -1
0 0 1 5 9 1
0 0 1 8 9 1
0 0 1 12 14 1
