#PARAMS
1 #number of chromosomes
4 #number of leaves
15 #number of segments per chromosome
#PROFILES
0 : 2 2 2 2 2 2 2 2 2 2 2 2 2 2 2
1 : 2 2 3 2 3 3 3 2 2 2 1 1 2 2 2
2 : 2 3 4 3 4 3 3 3 3 2 1 1 2 2 2
3 : 3 3 3 2 3 2 2 2 2 1 1 1 2 2 2
4 : 2 3 4 3 4 3 4 4 4 3 2 2 3 3 3
5 : 2 3 4 3 5 4 4 4 4 2 1 1 2 2 2
6 : 2 2 3 2 3 3 3 2 2 2 1 1 2 2 2
#EDGES
2 -> 5
2 -> 4
1 -> 6
1 -> 2
0 -> 3
0 -> 1
#EVENTS
0 2 5 4 8 1
0 2 4 6 14 1
0 1 2 1 4 1
0 1 2 7 8 1
0 0 3 3 3 -1
0 0 3 5 11 -1
0 0 3 0 8 1
0 0 1 10 11 -1
0 0 1 2 2 1
0 0 1 4 6 1
