#PARAMS
1 #number of chromosomes
4 #number of leaves
15 #number of segments per chromosome
#PROFILES
0 : 2 2 2 2 2 2 2 2 2 2 2 2 2 2 2
1 : 4 4 4 4 4 4 4 4 4 4 4 4 4 3 3
2 : 4 4 4 4 4 4 4 4 4 4 4 4 4 3 3
3 : 5 5 5 6 6 6 6 5 5 4 4 4 4 3 3
4 : 4 4 4 4 4 4 3 3 4 4 4 4 4 3 3
5 : 4 4 4 3 3 3 3 4 4 4 4 4 4 3 3
6 : 3 3 4 4 4 4 4 3 4 4 3 3 3 2 2
#EDGES
2 -> 5
2 -> 3
1 -> 4
1 -> 2
0 -> 6
0 -> 1
#EVENTS
0 2 5 3 6 -1
0 2 3 0 8 1
0 2 3 3 6 1
0 1 4 6 7 -1
0 0 6 0 12 1
0 0 6 2 6 1
0 0 6 8 9 1
0 0 1 0 14 1
0 0 1 0 12 1
