#PARAMS
1 #number of chromosomes
4 #number of leaves
15 #number of segments per chromosome
#PROFILES
0 : 2 2 2 2 2 2 2 2 2 2 2 2 2 2 2
1 : 3 3 2 3 2 2 2 2 1 2 1 1 2 2 2
2 : 3 3 2 3 2 3 3 2 1 2 1 1 2 2 2
3 : 3 4 4 5 5 6 6 5 4 5 3 3 4 3 2
4 : 3 3 2 3 2 3 3 2 1 2 1 1 2 2 2
5 : 3 4 3 4 3 3 2 2 1 2 0 1 2 2 2
6 : 3 3 2 2 2 2 2 2 2 2 2 3 3 3 3
#EDGES
2 -> 4
2 -> 3
1 -> 5
1 -> 2
0 -> 6
0 -> 1
#EVENTS
0 2 3 1 13 1
0 2 3 2 12 1
0 2 3 4 9 1
0 1 5 10 10 -1
0 1 5 1 5 1
0 1 2 5 6 1
0 0 6 2 10 -1
0 0 6 0 14 1
0 0 1 8 8 -1
0 0 1 10 11 -1
0 0 1 0 1 1
0 0 1 3 3 1
