#PARAMS
1 #number of chromosomes
4 #number of leaves
15 #number of segments per chromosome
#PROFILES
0 : 2 2 2 2 2 2 2 2 2 2 2 2 2 2 2
1 : 1 1 1 1 1 1 1 4 3 3 3 3 3 3 3
2 : 1 1 1 1 1 1 2 5 4 4 4 4 4 4 4
3 : 1 1 1 1 1 1 1 4 3 3 2 2 2 2 3
4 : 1 1 2 2 1 1 2 5 4 4 4 4 4 4 4
5 : 1 1 1 1 2 2 3 6 5 5 4 4 4 4 4
6 : 1 1 1 1 1 2 2 4 3 2 2 2 2 3 3
#EDGES
2 -> 5
2 -> 4
1 -> 3
1 -> 2
0 -> 6
0 -> 1
#EVENTS
0 2 5 4 9 1
0 2 4 2 3 1
0 1 3 10 13 -1
0 1 2 6 14 1
0 0 6 0 6 -1
0 0 6 9 12 -1
0 0 6 5 14 1
0 0 6 7 7 1
0 0 1 0 6 -1
0 0 1 7 14 1
0 0 1 7 7 1
