currently on ./input/simC_c1_k6_n30_u2_s2_del04.input: current rf rate is 0.6 and rf rate so far is 0.6
currently on ./input/simC_c1_k6_n30_u2_s3_del04.input: current rf rate is 0.4 and rf rate so far is 0.5
currently on ./input/simC_c1_k6_n30_u2_s1_del02.input: current rf rate is 0.8 and rf rate so far is 0.6
currently on ./input/simC_c1_k6_n30_u3_s3_del04.input: current rf rate is 0.4 and rf rate so far is 0.55
currently on ./input/simC_c1_k6_n30_u1_s1_del02.input: current rf rate is 0.4 and rf rate so far is 0.52
currently on ./input/simC_c1_k6_n30_u2_s3_del02.input: current rf rate is 0.4 and rf rate so far is 0.5
currently on ./input/simC_c1_k6_n30_u3_s2_del04.input: current rf rate is 0.6 and rf rate so far is 0.5142857142857143
currently on ./input/simC_c1_k6_n30_u3_s3_del02.input: current rf rate is 0.4 and rf rate so far is 0.5
currently on ./input/simC_c1_k6_n30_u1_s2_del04.input: current rf rate is 0.6 and rf rate so far is 0.5111111111111111
currently on ./input/simC_c1_k6_n30_u3_s1_del04.input: current rf rate is 0.2 and rf rate so far is 0.48
currently on ./input/simC_c1_k6_n30_u1_s1_del04.input: current rf rate is 0.2 and rf rate so far is 0.45454545454545453
currently on ./input/simC_c1_k6_n30_u1_s3_del04.input: current rf rate is 0.4 and rf rate so far is 0.45
currently on ./input/simC_c1_k6_n30_u2_s2_del02.input: current rf rate is 0.6 and rf rate so far is 0.46153846153846156
currently on ./input/simC_c1_k6_n30_u3_s1_del02.input: current rf rate is 0.2 and rf rate so far is 0.4428571428571429
currently on ./input/simC_c1_k6_n30_u1_s2_del02.input: current rf rate is 0.6 and rf rate so far is 0.4533333333333333
currently on ./input/simC_c1_k6_n30_u3_s2_del02.input: current rf rate is 0.6 and rf rate so far is 0.46249999999999997
currently on ./input/simC_c1_k6_n30_u1_s3_del02.input: current rf rate is 0.4 and rf rate so far is 0.4588235294117647
currently on ./input/simC_c1_k6_n30_u2_s1_del04.input: current rf rate is 0.2 and rf rate so far is 0.4444444444444444
	Command being timed: "python ./src/main.py --input-cnp-dir ./input/ --output-prefix ./output/k6_n30/"
	User time (seconds): 281.14
	System time (seconds): 4.43
	Percent of CPU this job got: 134%
	Elapsed (wall clock) time (h:mm:ss or m:ss): 3:32.15
	Average shared text size (kbytes): 0
	Average unshared data size (kbytes): 0
	Average stack size (kbytes): 0
	Average total size (kbytes): 0
	Maximum resident set size (kbytes): 98248
	Average resident set size (kbytes): 0
	Major (requiring I/O) page faults: 0
	Minor (reclaiming a frame) page faults: 706824
	Voluntary context switches: 106656
	Involuntary context switches: 190004
	Swaps: 0
	File system inputs: 296
	File system outputs: 2400
	Socket messages sent: 0
	Socket messages received: 0
	Signals delivered: 0
	Page size (bytes): 4096
	Exit status: 0
