currently on ./input/simC_c1_k8_n40_u2_s1_del04.input: current rf rate is 0.571429 and rf rate so far is 0.571429
currently on ./input/simC_c1_k8_n40_u1_s1_del04.input: current rf rate is 0.428571 and rf rate so far is 0.5
currently on ./input/simC_c1_k8_n40_u3_s3_del04.input: current rf rate is 0.571429 and rf rate so far is 0.5238096666666666
currently on ./input/simC_c1_k8_n40_u2_s2_del04.input: current rf rate is 0.714286 and rf rate so far is 0.5714287499999999
currently on ./input/simC_c1_k8_n40_u3_s2_del04.input: current rf rate is 0.714286 and rf rate so far is 0.6000002
currently on ./input/simC_c1_k8_n40_u3_s1_del02.input: current rf rate is 0.428571 and rf rate so far is 0.5714286666666666
currently on ./input/simC_c1_k8_n40_u2_s3_del02.input: current rf rate is 0.571429 and rf rate so far is 0.5714287142857142
currently on ./input/simC_c1_k8_n40_u1_s3_del04.input: current rf rate is 0.571429 and rf rate so far is 0.5714287499999999
currently on ./input/simC_c1_k8_n40_u1_s1_del02.input: current rf rate is 0.428571 and rf rate so far is 0.5555556666666666
currently on ./input/simC_c1_k8_n40_u2_s2_del02.input: current rf rate is 0.714286 and rf rate so far is 0.5714286999999999
currently on ./input/simC_c1_k8_n40_u3_s2_del02.input: current rf rate is 0.571429 and rf rate so far is 0.5714287272727272
currently on ./input/simC_c1_k8_n40_u1_s2_del04.input: current rf rate is 0.714286 and rf rate so far is 0.5833334999999998
currently on ./input/simC_c1_k8_n40_u3_s1_del04.input: current rf rate is 0.428571 and rf rate so far is 0.5714286923076922
currently on ./input/simC_c1_k8_n40_u1_s3_del02.input: current rf rate is 0.571429 and rf rate so far is 0.5714287142857142
currently on ./input/simC_c1_k8_n40_u2_s1_del02.input: current rf rate is 0.285714 and rf rate so far is 0.5523810666666666
currently on ./input/simC_c1_k8_n40_u3_s3_del02.input: current rf rate is 0.714286 and rf rate so far is 0.5625001249999999
currently on ./input/simC_c1_k8_n40_u1_s2_del02.input: current rf rate is 0.714286 and rf rate so far is 0.5714287058823528
currently on ./input/simC_c1_k8_n40_u2_s3_del04.input: current rf rate is 0.571429 and rf rate so far is 0.5714287222222221
	Command being timed: "python ./src/main.py --input-cnp-dir ./input/ --output-prefix ./output/k8_n40/"
	User time (seconds): 1737.56
	System time (seconds): 12.26
	Percent of CPU this job got: 230%
	Elapsed (wall clock) time (h:mm:ss or m:ss): 12:38.16
	Average shared text size (kbytes): 0
	Average unshared data size (kbytes): 0
	Average stack size (kbytes): 0
	Average total size (kbytes): 0
	Maximum resident set size (kbytes): 238104
	Average resident set size (kbytes): 0
	Major (requiring I/O) page faults: 5
	Minor (reclaiming a frame) page faults: 2847560
	Voluntary context switches: 329372
	Involuntary context switches: 370837
	Swaps: 0
	File system inputs: 7688
	File system outputs: 2408
	Socket messages sent: 0
	Socket messages received: 0
	Signals delivered: 0
	Page size (bytes): 4096
	Exit status: 0
