#PARAMS
1 #number of chromosomes
4 #number of leaves
30 #number of segments per chromosome
#PROFILES
0 : 2 2 2 2 2 2 2 2 2 2 2 2 2 2 2 2 2 2 2 2 2 2 2 2 2 2 2 2 2 2
1 : 2 2 2 2 2 2 2 2 2 2 2 2 3 3 3 3 3 3 3 2 2 2 2 2 3 3 2 2 2 2
2 : 2 2 2 2 2 2 2 2 2 2 2 2 3 3 3 3 3 3 3 2 2 2 2 2 3 3 2 2 2 2
3 : 2 2 2 2 2 2 2 3 3 3 3 3 3 3 3 3 3 3 3 3 3 3 3 2 2 2 2 2 2 2
4 : 2 2 2 2 2 2 2 2 2 2 2 2 3 2 2 2 2 2 2 1 1 1 2 2 3 3 2 2 2 2
5 : 1 1 1 1 1 1 1 1 1 1 1 0 1 1 1 1 1 1 1 0 0 0 0 0 1 1 0 0 1 2
6 : 2 2 2 2 2 2 2 1 1 1 1 1 2 2 2 2 2 2 2 1 1 1 1 1 2 2 1 1 2 2
#EDGES
2 -> 5
2 -> 4
1 -> 6
1 -> 2
0 -> 3
0 -> 1
#EVENTS
0 2 5 0 28 -1
0 2 5 11 27 -1
0 2 4 13 21 -1
0 1 6 7 27 -1
0 0 3 7 22 1
0 0 1 12 18 1
0 0 1 24 25 1
