#PARAMS
1 #number of chromosomes
4 #number of leaves
30 #number of segments per chromosome
#PROFILES
0 : 2 2 2 2 2 2 2 2 2 2 2 2 2 2 2 2 2 2 2 2 2 2 2 2 2 2 2 2 2 2
1 : 2 2 2 1 1 1 1 1 1 1 1 2 2 1 2 2 3 3 4 3 2 3 3 4 4 4 4 3 3 2
2 : 2 2 2 1 1 1 1 1 1 0 1 2 2 1 2 2 3 3 4 3 2 3 3 5 5 4 4 3 3 2
3 : 1 1 1 0 0 0 0 0 0 0 1 2 2 1 2 2 3 4 5 4 3 3 3 4 4 4 4 4 4 3
4 : 2 2 2 1 1 1 1 1 1 1 1 2 2 1 2 2 3 3 4 3 2 3 2 3 4 4 4 3 2 1
5 : 2 2 2 1 1 1 1 1 1 0 1 2 2 2 3 3 4 4 4 3 2 3 4 6 6 5 5 4 3 2
6 : 2 2 2 1 1 1 1 1 0 0 1 2 2 1 3 4 5 5 6 5 3 4 4 6 6 5 5 4 4 2
#EDGES
2 -> 6
2 -> 5
1 -> 4
1 -> 2
0 -> 3
0 -> 1
#EVENTS
0 2 6 8 8 -1
0 2 6 14 28 1
0 2 6 15 19 1
0 2 5 13 17 1
0 2 5 22 27 1
0 1 4 22 23 -1
0 1 4 28 29 -1
0 1 2 9 9 -1
0 1 2 23 24 1
0 0 3 0 22 -1
0 0 3 3 9 -1
0 0 3 11 12 1
0 0 3 14 29 1
0 0 3 16 28 1
0 0 3 17 19 1
0 0 3 18 18 1
0 0 1 3 10 -1
0 0 1 13 13 -1
0 0 1 16 19 1
0 0 1 18 18 1
0 0 1 21 28 1
0 0 1 23 26 1
