#PARAMS
1 #number of chromosomes
4 #number of leaves
30 #number of segments per chromosome
#PROFILES
0 : 2 2 2 2 2 2 2 2 2 2 2 2 2 2 2 2 2 2 2 2 2 2 2 2 2 2 2 2 2 2
1 : 2 3 3 3 4 4 4 4 3 4 4 4 4 4 4 4 4 4 3 3 3 2 2 2 2 2 2 2 2 2
2 : 2 3 3 2 3 3 3 3 2 3 3 3 3 3 4 5 5 4 3 3 3 2 2 2 2 2 2 2 2 2
3 : 2 3 3 2 3 3 3 3 3 4 4 4 4 4 4 4 4 4 3 3 3 3 3 3 3 3 3 3 3 3
4 : 2 3 3 2 3 3 3 3 2 4 4 4 4 4 4 4 4 4 3 3 3 2 2 2 2 2 2 2 2 2
5 : 2 3 3 2 4 4 4 4 3 4 3 3 3 3 4 5 5 4 3 3 3 2 2 2 2 2 2 2 2 2
6 : 2 3 3 2 3 4 4 4 3 4 4 4 4 4 5 6 6 5 4 4 4 2 2 2 2 2 2 2 2 2
#EDGES
2 -> 6
2 -> 5
1 -> 4
1 -> 2
0 -> 3
0 -> 1
#EVENTS
0 2 6 5 20 1
0 2 5 4 9 1
0 1 4 3 8 -1
0 1 2 3 13 -1
0 1 2 15 16 1
0 0 3 3 8 -1
0 0 3 1 29 1
0 0 3 4 17 1
0 0 1 1 20 1
0 0 1 4 7 1
0 0 1 9 17 1
