#PARAMS
1 #number of chromosomes
4 #number of leaves
30 #number of segments per chromosome
#PROFILES
0 : 2 2 2 2 2 2 2 2 2 2 2 2 2 2 2 2 2 2 2 2 2 2 2 2 2 2 2 2 2 2
1 : 2 2 2 2 2 3 4 3 3 3 3 3 3 3 3 3 3 3 3 2 1 1 1 1 2 2 2 2 2 2
2 : 2 2 2 3 3 4 5 4 4 4 3 3 3 3 3 3 3 3 3 2 1 1 1 1 2 2 2 2 2 2
3 : 3 3 3 3 3 3 4 3 3 2 2 2 2 2 2 2 2 2 2 1 1 1 1 1 2 2 2 2 2 2
4 : 2 2 2 3 3 4 5 4 4 4 3 3 4 4 4 4 4 4 4 3 2 2 2 2 3 3 3 3 3 2
5 : 2 2 2 3 3 4 5 4 4 5 4 4 4 4 4 4 4 4 3 2 1 1 1 1 2 2 2 2 2 2
6 : 2 2 2 2 2 3 4 3 3 3 3 3 3 3 3 2 2 2 3 2 1 1 1 1 2 2 2 2 2 2
#EDGES
2 -> 5
2 -> 4
1 -> 6
1 -> 2
0 -> 3
0 -> 1
#EVENTS
0 2 5 9 17 1
0 2 4 12 28 1
0 1 6 15 17 -1
0 1 2 3 9 1
0 0 3 7 23 -1
0 0 3 0 18 1
0 0 3 6 8 1
0 0 1 20 23 -1
0 0 1 5 18 1
0 0 1 6 6 1
