#PARAMS
1 #number of chromosomes
4 #number of leaves
30 #number of segments per chromosome
#PROFILES
0 : 2 2 2 2 2 2 2 2 2 2 2 2 2 2 2 2 2 2 2 2 2 2 2 2 2 2 2 2 2 2
1 : 2 2 3 3 3 2 2 3 3 3 3 4 4 6 6 6 5 6 6 6 7 8 7 7 7 7 7 6 4 3
2 : 2 2 3 3 4 3 3 4 4 4 4 5 5 7 7 7 6 8 8 8 9 10 9 9 9 8 7 6 4 3
3 : 2 2 3 3 3 2 2 3 3 3 3 4 4 6 6 6 5 6 6 6 7 8 7 7 7 8 8 7 4 3
4 : 2 2 3 3 4 3 3 4 4 4 4 5 5 7 7 7 6 8 8 8 9 10 9 9 9 8 7 6 4 3
5 : 2 2 3 3 4 3 3 4 4 4 4 5 5 7 7 7 6 7 7 7 8 9 8 8 8 7 6 5 3 2
6 : 2 2 3 3 4 3 3 4 4 4 4 4 4 4 4 4 4 4 4 5 6 7 6 5 5 5 5 5 4 3
#EDGES
2 -> 5
2 -> 4
1 -> 3
1 -> 2
0 -> 6
0 -> 1
#EVENTS
0 2 5 17 29 -1
0 1 3 25 27 1
0 1 2 4 25 1
0 1 2 17 24 1
0 0 6 5 19 -1
0 0 6 2 29 1
0 0 6 4 28 1
0 0 6 7 27 1
0 0 6 19 22 1
0 0 6 21 21 1
0 0 1 5 6 -1
0 0 1 2 29 1
0 0 1 11 28 1
0 0 1 13 27 1
0 0 1 13 15 1
0 0 1 17 27 1
0 0 1 20 26 1
0 0 1 21 21 1
