#PARAMS
1 #number of chromosomes
4 #number of leaves
30 #number of segments per chromosome
#PROFILES
0 : 2 2 2 2 2 2 2 2 2 2 2 2 2 2 2 2 2 2 2 2 2 2 2 2 2 2 2 2 2 2
1 : 4 4 4 4 4 4 4 4 4 4 4 4 4 4 4 4 4 4 4 4 4 4 4 4 4 4 3 3 3 2
2 : 4 4 4 4 4 4 4 4 4 4 4 4 4 4 4 4 4 4 4 4 4 4 4 4 4 4 3 3 3 2
3 : 2 2 2 2 2 2 2 3 3 3 3 3 3 4 4 4 4 4 4 4 3 3 3 2 2 2 2 2 2 2
4 : 5 5 5 5 5 5 6 6 6 6 6 6 6 6 5 5 5 4 4 4 4 4 4 4 4 4 3 3 3 2
5 : 4 4 4 4 4 4 4 4 4 4 4 4 4 4 3 4 4 4 4 4 4 4 4 4 4 4 3 3 3 2
6 : 4 4 4 4 4 4 3 3 3 3 3 3 3 4 4 4 4 4 4 4 4 4 4 4 4 4 3 3 3 2
#EDGES
2 -> 6
2 -> 5
1 -> 4
1 -> 2
0 -> 3
0 -> 1
#EVENTS
0 2 6 6 12 -1
0 2 5 14 14 -1
0 1 4 0 16 1
0 1 4 6 13 1
0 0 3 7 22 1
0 0 3 13 19 1
0 0 1 0 28 1
0 0 1 0 25 1
