#PARAMS
1 #number of chromosomes
4 #number of leaves
30 #number of segments per chromosome
#PROFILES
0 : 2 2 2 2 2 2 2 2 2 2 2 2 2 2 2 2 2 2 2 2 2 2 2 2 2 2 2 2 2 2
1 : 2 2 1 1 1 1 1 2 2 2 2 1 1 3 2 2 3 4 4 5 5 5 5 6 6 6 6 6 4 3
2 : 2 2 1 1 2 2 3 4 4 4 4 3 3 5 4 4 5 6 6 7 7 7 7 8 8 6 5 5 4 3
3 : 2 2 1 1 1 1 1 2 2 2 2 1 1 3 2 2 3 4 4 5 5 5 5 6 6 6 6 6 4 3
4 : 2 3 2 2 3 3 4 5 5 5 5 4 4 6 5 5 6 7 7 8 8 8 8 9 9 7 5 5 4 3
5 : 2 2 1 1 2 2 3 4 4 4 4 3 2 4 3 3 4 5 5 6 6 6 6 7 7 6 5 5 4 3
6 : 2 2 1 1 1 1 1 2 2 2 2 2 2 4 3 3 3 3 3 4 4 4 4 4 4 3 3 4 4 3
#EDGES
2 -> 5
2 -> 4
1 -> 3
1 -> 2
0 -> 6
0 -> 1
#EVENTS
0 2 5 12 24 -1
0 2 4 1 25 1
0 1 2 26 27 -1
0 1 2 4 24 1
0 1 2 6 24 1
0 0 6 2 12 -1
0 0 6 14 26 -1
0 0 6 7 29 1
0 0 6 13 28 1
0 0 6 19 24 1
0 0 1 2 6 -1
0 0 1 11 12 -1
0 0 1 14 16 -1
0 0 1 13 29 1
0 0 1 16 28 1
0 0 1 19 27 1
0 0 1 23 27 1
