#PARAMS
1 #number of chromosomes
4 #number of leaves
30 #number of segments per chromosome
#PROFILES
0 : 2 2 2 2 2 2 2 2 2 2 2 2 2 2 2 2 2 2 2 2 2 2 2 2 2 2 2 2 2 2
1 : 2 2 2 1 1 1 1 1 1 3 3 4 4 3 2 2 3 3 4 3 4 4 4 3 3 3 3 3 3 2
2 : 2 2 2 1 1 1 1 1 1 2 3 4 4 4 4 4 5 5 5 4 4 5 5 5 5 4 4 3 2 2
3 : 1 1 1 0 0 0 0 0 0 2 3 4 4 3 2 4 5 4 5 4 5 5 5 4 4 4 4 4 4 3
4 : 2 2 2 1 1 1 1 1 1 3 3 4 4 3 2 2 3 3 4 3 4 5 6 5 4 4 4 3 2 1
5 : 2 2 2 1 1 1 1 1 1 2 3 4 4 4 5 5 6 6 6 5 6 7 6 6 6 5 5 4 3 2
6 : 2 2 2 1 1 1 1 1 2 4 5 6 6 5 5 6 7 7 8 7 7 8 8 8 8 7 7 6 4 2
#EDGES
2 -> 6
2 -> 5
1 -> 4
1 -> 3
0 -> 2
0 -> 1
#EVENTS
0 2 6 13 14 -1
0 2 6 8 28 1
0 2 6 9 28 1
0 2 6 18 27 1
0 2 5 14 28 1
0 2 5 20 21 1
0 1 4 28 29 -1
0 1 4 21 26 1
0 1 4 22 23 1
0 1 3 0 14 -1
0 1 3 10 29 1
0 1 3 15 16 1
0 0 2 3 20 -1
0 0 2 9 27 1
0 0 2 10 26 1
0 0 2 11 24 1
0 0 2 16 18 1
0 0 1 3 15 -1
0 0 1 19 19 -1
0 0 1 9 28 1
0 0 1 9 13 1
0 0 1 11 12 1
0 0 1 18 22 1
