#PARAMS
1 #number of chromosomes
4 #number of leaves
30 #number of segments per chromosome
#PROFILES
0 : 2 2 2 2 2 2 2 2 2 2 2 2 2 2 2 2 2 2 2 2 2 2 2 2 2 2 2 2 2 2
1 : 2 2 2 2 2 2 2 3 3 3 3 3 3 3 3 3 3 3 3 3 3 3 3 3 3 3 3 3 3 3
2 : 2 2 2 2 2 2 2 3 3 3 3 3 3 3 3 3 3 3 3 4 5 4 4 4 4 4 4 3 3 3
3 : 3 3 2 2 2 2 2 2 2 2 2 3 3 3 3 3 3 3 3 2 2 2 2 2 2 2 2 2 2 2
4 : 2 3 3 3 3 3 3 4 4 3 3 3 3 3 2 2 2 2 3 4 5 4 4 4 4 4 4 3 3 3
5 : 2 1 1 1 1 1 1 2 2 2 2 2 2 2 2 2 2 2 2 3 4 3 3 3 3 3 4 3 4 4
6 : 3 3 4 4 4 4 3 4 4 4 3 3 3 3 3 3 3 3 3 3 3 3 3 3 3 3 3 3 3 3
#EDGES
2 -> 5
2 -> 4
1 -> 6
1 -> 2
0 -> 3
0 -> 1
#EVENTS
0 2 5 1 25 -1
0 2 5 28 29 1
0 2 4 14 17 -1
0 2 4 1 8 1
0 1 6 0 9 1
0 1 6 2 5 1
0 1 2 19 26 1
0 1 2 20 20 1
0 0 3 2 10 -1
0 0 3 0 18 1
0 0 1 7 29 1
