#PARAMS
1 #number of chromosomes
4 #number of leaves
30 #number of segments per chromosome
#PROFILES
0 : 2 2 2 2 2 2 2 2 2 2 2 2 2 2 2 2 2 2 2 2 2 2 2 2 2 2 2 2 2 2
1 : 2 2 2 1 3 3 3 0 0 3 3 4 4 4 4 4 4 4 4 5 4 4 4 5 4 4 4 4 4 2
2 : 2 2 2 1 3 3 3 0 0 3 3 4 4 3 3 3 4 4 4 5 4 4 4 5 4 4 4 4 4 2
3 : 2 2 2 1 1 1 1 1 1 3 3 4 3 2 2 2 3 2 2 3 2 2 2 3 3 3 3 3 3 2
4 : 2 2 2 1 2 3 3 0 0 3 2 3 3 2 2 2 3 3 3 4 3 2 3 4 3 3 3 3 3 2
5 : 2 2 2 1 3 3 3 0 0 3 3 4 4 4 4 5 5 5 5 6 5 5 5 6 5 5 5 5 4 2
6 : 2 2 2 1 3 3 3 0 0 3 3 4 4 3 3 3 4 4 4 5 4 4 4 5 4 4 5 4 4 2
#EDGES
2 -> 6
2 -> 4
1 -> 5
1 -> 2
0 -> 3
0 -> 1
#EVENTS
0 2 6 26 26 1
0 2 4 4 4 -1
0 2 4 10 28 -1
0 2 4 21 21 -1
0 1 5 15 27 1
0 1 2 13 15 -1
0 0 3 3 10 -1
0 0 3 13 15 -1
0 0 3 17 18 -1
0 0 3 20 22 -1
0 0 3 9 28 1
0 0 3 9 11 1
0 0 1 3 10 -1
0 0 1 7 8 -1
0 0 1 4 28 1
0 0 1 4 28 1
0 0 1 19 19 1
0 0 1 23 23 1
