#PARAMS
1 #number of chromosomes
4 #number of leaves
30 #number of segments per chromosome
#PROFILES
0 : 2 2 2 2 2 2 2 2 2 2 2 2 2 2 2 2 2 2 2 2 2 2 2 2 2 2 2 2 2 2
1 : 2 3 3 2 2 2 3 3 3 3 2 2 2 2 2 2 2 1 1 1 1 1 1 2 2 2 2 2 2 2
2 : 2 3 3 2 2 2 3 3 3 3 2 3 3 2 2 2 2 1 1 2 1 2 2 3 3 3 3 3 2 2
3 : 2 3 3 2 2 2 3 3 4 4 3 4 4 3 3 3 3 2 2 3 2 3 3 4 4 4 4 4 2 2
4 : 2 3 3 2 2 2 3 3 3 3 2 3 3 2 2 2 2 1 1 2 1 3 3 4 4 4 4 4 3 2
5 : 2 3 3 2 2 2 3 3 3 3 3 3 3 3 3 3 2 1 1 1 1 1 1 2 2 2 2 2 2 2
6 : 2 2 3 3 3 4 4 4 4 4 4 4 4 4 4 4 4 4 4 4 4 4 4 4 4 3 3 3 2 2
#EDGES
2 -> 4
2 -> 3
1 -> 5
1 -> 2
0 -> 6
0 -> 1
#EVENTS
0 2 4 21 28 1
0 2 3 8 27 1
0 1 5 10 15 1
0 1 2 11 12 1
0 1 2 19 19 1
0 1 2 21 27 1
0 0 6 2 27 1
0 0 6 5 24 1
0 0 1 17 22 -1
0 0 1 1 2 1
0 0 1 6 9 1
