#PARAMS
1 #number of chromosomes
4 #number of leaves
30 #number of segments per chromosome
#PROFILES
0 : 2 2 2 2 2 2 2 2 2 2 2 2 2 2 2 2 2 2 2 2 2 2 2 2 2 2 2 2 2 2
1 : 4 4 4 4 4 4 4 4 4 4 4 4 4 4 3 3 3 3 3 3 3 3 3 3 3 3 2 2 2 2
2 : 4 4 4 4 4 4 5 5 5 5 5 5 5 5 4 4 4 4 4 4 4 4 4 4 4 4 3 3 3 2
3 : 2 2 2 2 2 2 2 3 3 3 3 3 3 4 4 4 4 4 4 4 3 3 3 2 2 2 2 2 2 2
4 : 5 5 5 5 5 5 6 6 6 6 6 6 6 6 5 5 5 4 4 4 4 4 4 4 4 4 3 3 3 2
5 : 4 4 4 4 4 4 4 4 4 4 4 4 4 6 5 4 4 4 4 4 4 4 4 4 4 4 3 3 3 2
6 : 4 4 4 4 4 4 5 5 5 5 5 5 5 6 4 4 4 4 4 4 4 4 4 4 4 4 3 3 3 2
#EDGES
2 -> 6
2 -> 4
1 -> 5
1 -> 2
0 -> 3
0 -> 1
#EVENTS
0 2 6 13 13 1
0 2 4 0 16 1
0 1 5 13 28 1
0 1 5 13 14 1
0 1 2 6 28 1
0 0 3 7 22 1
0 0 3 13 19 1
0 0 1 0 25 1
0 0 1 0 13 1
