#PARAMS
1 #number of chromosomes
4 #number of leaves
30 #number of segments per chromosome
#PROFILES
0 : 2 2 2 2 2 2 2 2 2 2 2 2 2 2 2 2 2 2 2 2 2 2 2 2 2 2 2 2 2 2
1 : 3 4 4 4 4 4 4 4 4 4 4 4 4 4 4 5 4 5 5 5 3 3 3 3 3 3 3 2 2 2
2 : 3 4 4 4 4 4 5 5 5 5 5 4 4 4 4 5 4 5 5 5 3 3 2 2 2 3 3 2 2 2
3 : 3 2 2 2 2 2 3 3 3 3 3 3 2 2 2 2 2 3 4 4 3 3 2 1 2 3 3 2 2 2
4 : 3 4 4 4 4 5 6 6 6 6 6 5 4 5 5 6 5 6 6 6 4 4 3 3 3 4 4 3 3 3
5 : 3 4 4 4 4 4 6 6 6 6 6 5 5 5 5 6 3 4 5 5 3 3 2 1 1 2 2 1 1 2
6 : 3 4 4 4 4 4 5 5 5 5 5 5 5 5 5 6 5 6 6 6 4 4 4 3 4 4 4 2 2 2
#EDGES
2 -> 5
2 -> 4
1 -> 6
1 -> 2
0 -> 3
0 -> 1
#EVENTS
0 2 5 16 17 -1
0 2 5 23 28 -1
0 2 5 6 15 1
0 2 4 5 11 1
0 2 4 13 29 1
0 1 6 6 22 1
0 1 6 24 26 1
0 1 2 22 24 -1
0 1 2 6 10 1
0 0 3 1 24 -1
0 0 3 0 22 1
0 0 3 6 11 1
0 0 3 17 21 1
0 0 3 18 19 1
0 0 3 24 26 1
0 0 1 0 26 1
0 0 1 1 19 1
0 0 1 15 15 1
0 0 1 17 19 1
