#PARAMS
1 #number of chromosomes
4 #number of leaves
30 #number of segments per chromosome
#PROFILES
0 : 2 2 2 2 2 2 2 2 2 2 2 2 2 2 2 2 2 2 2 2 2 2 2 2 2 2 2 2 2 2
1 : 3 3 3 3 3 3 3 3 3 3 3 3 3 3 5 6 6 7 7 7 7 7 7 5 5 5 3 3 3 3
2 : 3 3 3 3 3 3 3 3 3 3 3 3 3 4 6 7 7 8 8 8 8 8 8 6 6 6 4 4 4 3
3 : 3 3 3 3 3 3 3 3 3 3 3 3 3 3 5 6 6 7 7 7 7 8 8 6 6 6 4 4 3 3
4 : 3 3 3 3 4 4 4 3 3 3 3 3 3 4 6 7 7 8 8 8 8 8 8 6 6 6 4 4 4 3
5 : 3 3 3 3 3 3 3 3 3 4 4 4 4 5 7 8 8 9 9 8 8 8 8 6 6 6 4 4 4 3
6 : 3 3 3 3 3 3 3 3 3 3 4 4 4 4 5 6 6 7 6 6 6 6 6 4 4 4 3 3 3 3
#EDGES
2 -> 5
2 -> 4
1 -> 3
1 -> 2
0 -> 6
0 -> 1
#EVENTS
0 2 5 9 18 1
0 2 4 4 6 1
0 1 3 21 27 1
0 1 2 13 28 1
0 0 6 0 29 1
0 0 6 10 25 1
0 0 6 14 22 1
0 0 6 15 22 1
0 0 6 17 17 1
0 0 1 0 29 1
0 0 1 14 25 1
0 0 1 14 25 1
0 0 1 15 22 1
0 0 1 17 22 1
