#PARAMS
1 #number of chromosomes
4 #number of leaves
30 #number of segments per chromosome
#PROFILES
0 : 2 2 2 2 2 2 2 2 2 2 2 2 2 2 2 2 2 2 2 2 2 2 2 2 2 2 2 2 2 2
1 : 3 3 3 3 3 3 3 3 3 3 3 3 3 3 3 3 4 4 4 4 4 5 4 4 4 4 2 2 2 2
2 : 3 3 3 3 3 3 3 3 3 3 3 3 3 3 3 3 4 4 4 4 4 5 4 4 4 4 2 2 2 2
3 : 3 3 3 3 3 3 3 3 3 3 3 3 3 3 3 3 4 4 4 4 4 4 4 4 4 3 1 1 1 1
4 : 3 4 4 4 4 4 4 4 4 4 4 4 4 4 4 4 5 5 4 4 5 6 5 5 5 5 3 2 2 2
5 : 3 3 3 3 3 4 4 4 4 4 4 4 4 3 3 3 4 4 4 4 6 7 5 5 5 4 2 2 2 2
6 : 3 3 3 3 3 3 3 3 3 3 3 3 3 3 3 4 5 5 5 5 5 6 5 5 4 4 2 2 2 2
#EDGES
2 -> 6
2 -> 5
1 -> 4
1 -> 2
0 -> 3
0 -> 1
#EVENTS
0 2 6 15 23 1
0 2 5 5 12 1
0 2 5 20 24 1
0 2 5 20 21 1
0 1 4 1 17 1
0 1 4 20 26 1
0 0 3 25 29 -1
0 0 3 0 25 1
0 0 3 16 25 1
0 0 1 0 25 1
0 0 1 16 25 1
0 0 1 21 21 1
