#PARAMS
1 #number of chromosomes
4 #number of leaves
30 #number of segments per chromosome
#PROFILES
0 : 2 2 2 2 2 2 2 2 2 2 2 2 2 2 2 2 2 2 2 2 2 2 2 2 2 2 2 2 2 2
1 : 2 2 1 1 1 1 1 2 2 2 2 2 2 2 2 2 2 2 2 3 3 3 3 3 3 3 3 3 3 3
2 : 2 2 2 2 1 1 1 2 2 2 2 2 2 2 2 2 2 2 2 3 3 3 3 3 3 3 3 3 3 3
3 : 3 3 2 2 2 2 2 2 2 2 2 3 3 3 3 3 3 3 3 2 2 2 2 2 2 2 2 2 2 2
4 : 2 2 2 2 2 2 2 3 3 2 2 2 2 2 2 2 2 2 3 4 4 5 5 6 6 6 5 3 3 3
5 : 2 3 2 2 2 2 2 3 3 3 3 3 3 4 3 3 3 3 3 4 4 4 3 4 4 3 4 4 4 4
6 : 3 3 4 4 3 3 2 3 3 3 2 2 2 2 2 2 2 2 2 3 3 3 3 3 3 3 3 3 3 3
#EDGES
2 -> 6
2 -> 4
1 -> 5
1 -> 2
0 -> 3
0 -> 1
#EVENTS
0 2 6 0 9 1
0 2 6 2 5 1
0 2 4 4 8 1
0 2 4 18 26 1
0 2 4 21 26 1
0 2 4 23 25 1
0 1 5 22 22 -1
0 1 5 1 24 1
0 1 5 13 13 1
0 1 5 26 29 1
0 1 2 2 3 1
0 0 3 2 10 -1
0 0 3 0 18 1
0 0 1 2 6 -1
0 0 1 19 29 1
