#PARAMS
1 #number of chromosomes
4 #number of leaves
30 #number of segments per chromosome
#PROFILES
0 : 2 2 2 2 2 2 2 2 2 2 2 2 2 2 2 2 2 2 2 2 2 2 2 2 2 2 2 2 2 2
1 : 2 3 3 2 2 2 2 2 2 2 2 2 2 2 2 2 2 2 2 2 2 2 3 3 3 3 3 3 2 2
2 : 2 3 3 2 2 2 2 2 2 2 2 2 2 2 2 2 2 2 2 2 2 2 3 3 3 3 3 3 2 2
3 : 2 3 3 2 2 2 2 2 2 3 4 4 4 4 4 4 4 4 4 4 4 3 4 4 4 4 4 4 3 3
4 : 2 3 3 2 2 2 2 2 2 3 3 3 3 3 3 3 3 3 3 3 3 3 4 3 3 3 3 3 2 2
5 : 2 3 3 2 2 2 2 2 2 2 2 2 2 2 3 3 3 3 3 3 3 3 3 3 3 3 3 3 2 2
6 : 2 2 2 2 2 2 2 2 2 2 3 3 3 3 3 3 3 3 3 3 3 3 3 3 3 3 3 2 2 2
#EDGES
2 -> 5
2 -> 4
1 -> 3
1 -> 2
0 -> 6
0 -> 1
#EVENTS
0 2 5 14 21 1
0 2 4 9 22 1
0 1 3 9 29 1
0 1 3 10 20 1
0 0 6 10 26 1
0 0 1 1 2 1
0 0 1 22 27 1
