#PARAMS
1 #number of chromosomes
4 #number of leaves
30 #number of segments per chromosome
#PROFILES
0 : 2 2 2 2 2 2 2 2 2 2 2 2 2 2 2 2 2 2 2 2 2 2 2 2 2 2 2 2 2 2
1 : 3 2 2 2 2 2 3 3 3 3 3 2 2 3 3 3 3 3 3 3 3 3 2 1 1 1 1 1 1 2
2 : 3 2 2 2 2 2 3 3 3 3 3 2 2 3 3 3 4 4 4 4 4 4 3 2 2 2 1 1 1 2
3 : 3 3 3 2 2 2 2 3 3 3 3 3 3 4 4 4 4 4 4 4 3 3 3 2 2 2 2 2 2 2
4 : 3 2 2 2 2 2 1 1 1 1 1 0 0 1 2 3 3 3 3 3 3 3 2 1 1 1 1 1 1 2
5 : 3 2 2 2 2 2 3 3 3 3 3 2 2 3 3 3 4 4 4 4 4 4 3 2 2 1 0 0 0 1
6 : 3 2 2 2 2 2 3 3 3 3 3 2 2 3 3 3 4 4 4 4 4 5 3 2 2 2 1 1 1 2
#EDGES
2 -> 6
2 -> 5
1 -> 4
1 -> 2
0 -> 3
0 -> 1
#EVENTS
0 2 6 21 21 1
0 2 5 25 29 -1
0 1 4 6 14 -1
0 1 4 6 13 -1
0 1 2 16 25 1
0 0 3 3 12 -1
0 0 3 0 22 1
0 0 3 7 19 1
0 0 1 11 28 -1
0 0 1 0 0 1
0 0 1 6 22 1
0 0 1 13 21 1
