#PARAMS
1 #number of chromosomes
4 #number of leaves
30 #number of segments per chromosome
#PROFILES
0 : 2 2 2 2 2 2 2 2 2 2 2 2 2 2 2 2 2 2 2 2 2 2 2 2 2 2 2 2 2 2
1 : 3 4 4 4 4 4 4 4 4 4 4 4 4 4 4 5 4 5 5 5 7 7 5 4 4 3 3 2 2 2
2 : 3 4 4 4 4 4 5 5 5 5 5 4 4 5 5 6 5 6 6 6 8 8 5 4 4 3 3 2 2 2
3 : 3 4 4 4 4 4 5 5 5 5 5 5 4 4 4 4 4 5 4 4 5 5 4 3 4 3 3 2 2 2
4 : 3 4 4 4 4 5 6 6 6 6 6 5 4 5 5 6 5 6 6 6 8 8 5 5 5 4 4 3 3 3
5 : 3 4 4 4 4 4 6 6 6 6 6 5 5 7 7 8 5 6 5 5 7 7 4 3 3 2 2 1 1 2
6 : 3 4 4 4 4 4 5 5 5 5 5 5 5 5 5 6 5 6 6 6 8 8 6 5 6 4 4 2 2 2
#EDGES
2 -> 5
2 -> 4
1 -> 6
1 -> 2
0 -> 3
0 -> 1
#EVENTS
0 2 5 18 28 -1
0 2 5 6 15 1
0 2 5 13 15 1
0 2 4 12 22 -1
0 2 4 5 29 1
0 1 6 6 26 1
0 1 6 24 24 1
0 1 2 11 12 -1
0 1 2 6 21 1
0 0 3 12 19 -1
0 0 3 22 23 -1
0 0 3 0 26 1
0 0 3 1 24 1
0 0 3 6 22 1
0 0 3 17 17 1
0 0 1 16 16 -1
0 0 1 0 26 1
0 0 1 1 24 1
0 0 1 15 22 1
0 0 1 20 21 1
0 0 1 20 21 1
