#PARAMS
1 #number of chromosomes
4 #number of leaves
30 #number of segments per chromosome
#PROFILES
0 : 2 2 2 2 2 2 2 2 2 2 2 2 2 2 2 2 2 2 2 2 2 2 2 2 2 2 2 2 2 2
1 : 2 3 3 2 2 2 3 3 3 3 3 3 3 3 3 3 3 3 3 3 3 3 3 2 2 2 2 2 2 2
2 : 2 3 3 2 2 2 3 3 3 3 2 3 3 2 2 2 2 1 1 2 3 4 4 3 3 3 3 3 2 2
3 : 2 3 3 2 2 2 3 3 4 4 3 4 4 3 3 3 3 2 2 3 4 5 5 4 4 4 4 4 2 2
4 : 2 3 3 2 2 2 3 3 3 3 2 3 3 2 2 2 2 1 1 2 3 5 5 4 4 4 4 4 3 2
5 : 2 3 3 2 2 2 3 3 3 3 3 3 3 3 3 3 2 3 3 3 3 3 3 2 2 2 2 2 2 2
6 : 2 2 3 3 3 4 4 4 4 4 4 4 4 4 4 4 4 4 4 4 4 4 4 4 4 3 3 3 2 2
#EDGES
2 -> 4
2 -> 3
1 -> 5
1 -> 2
0 -> 6
0 -> 1
#EVENTS
0 2 4 21 28 1
0 2 3 8 27 1
0 1 5 16 16 -1
0 1 2 10 10 -1
0 1 2 13 19 -1
0 1 2 17 18 -1
0 1 2 21 27 1
0 0 6 2 27 1
0 0 6 5 24 1
0 0 1 1 2 1
0 0 1 6 22 1
