#PARAMS
1 #number of chromosomes
4 #number of leaves
20 #number of segments per chromosome
#PROFILES
0 : 2 2 2 2 2 2 2 2 2 2 2 2 2 2 2 2 2 2 2 2
1 : 3 3 3 3 3 3 3 3 3 3 3 4 4 4 4 4 4 2 2 2
2 : 2 2 2 2 2 2 2 2 2 2 2 3 3 2 3 3 3 2 2 2
3 : 3 3 3 3 3 3 3 3 3 3 3 4 4 4 4 4 4 1 1 1
4 : 2 2 2 2 2 2 2 2 2 2 2 3 4 3 4 3 4 3 2 2
5 : 3 3 3 4 4 4 4 4 4 3 3 4 4 2 3 3 3 2 2 2
6 : 3 3 3 3 3 3 3 3 3 3 4 5 5 5 6 5 4 2 2 2
#EDGES
2 -> 5
2 -> 4
1 -> 6
1 -> 3
0 -> 2
0 -> 1
#EVENTS
0 2 5 0 12 1
0 2 5 3 8 1
0 2 4 12 14 1
0 2 4 16 17 1
0 1 6 10 15 1
0 1 6 14 14 1
0 1 3 17 19 -1
0 0 2 13 13 -1
0 0 2 11 16 1
0 0 1 0 16 1
0 0 1 11 16 1
