#PARAMS
1 #number of chromosomes
4 #number of leaves
20 #number of segments per chromosome
#PROFILES
0 : 2 2 2 2 2 2 2 2 2 2 2 2 2 2 2 2 2 2 2 2
1 : 2 3 3 3 4 4 4 5 6 6 6 6 7 7 8 7 7 7 6 3
2 : 2 3 3 3 4 4 4 5 7 7 7 8 9 9 10 9 9 8 6 3
3 : 2 3 3 2 3 3 3 4 6 6 6 6 7 7 8 7 7 8 7 3
4 : 2 3 3 3 4 4 4 5 7 7 7 8 9 9 10 9 9 8 6 3
5 : 2 3 3 3 4 4 4 5 7 7 7 7 8 8 9 8 8 7 5 2
6 : 2 3 3 3 4 4 4 4 5 4 4 4 5 6 7 5 5 5 5 3
#EDGES
2 -> 5
2 -> 4
1 -> 3
1 -> 2
0 -> 6
0 -> 1
#EVENTS
0 2 5 11 19 -1
0 1 3 3 16 -1
0 1 3 8 18 1
0 1 2 8 17 1
0 1 2 11 16 1
0 0 6 9 13 -1
0 0 6 1 19 1
0 0 6 4 18 1
0 0 6 8 18 1
0 0 6 12 14 1
0 0 6 13 14 1
0 0 1 1 19 1
0 0 1 4 18 1
0 0 1 7 18 1
0 0 1 8 18 1
0 0 1 12 17 1
0 0 1 14 14 1
