#PARAMS
1 #number of chromosomes
4 #number of leaves
20 #number of segments per chromosome
#PROFILES
0 : 2 2 2 2 2 2 2 2 2 2 2 2 2 2 2 2 2 2 2 2
1 : 3 3 3 3 4 4 4 4 5 4 5 5 5 3 3 3 3 3 2 2
2 : 4 4 4 4 5 5 5 4 5 4 5 5 5 3 3 3 2 3 2 2
3 : 2 2 2 2 3 3 3 3 2 2 2 3 4 3 3 2 2 3 2 2
4 : 4 4 4 5 6 6 6 5 5 5 6 6 6 4 4 4 3 4 3 3
5 : 4 4 4 4 6 6 6 5 6 5 5 4 5 3 3 2 1 2 1 1
6 : 3 4 4 4 5 5 5 5 6 5 6 6 6 4 4 4 4 4 2 2
#EDGES
2 -> 5
2 -> 4
1 -> 6
1 -> 2
0 -> 3
0 -> 1
#EVENTS
0 2 5 11 11 -1
0 2 5 15 19 -1
0 2 5 4 9 1
0 2 4 3 7 1
0 2 4 9 19 1
0 1 6 1 17 1
0 1 2 16 16 -1
0 1 2 0 6 1
0 0 3 8 16 -1
0 0 3 4 17 1
0 0 3 11 14 1
0 0 3 12 12 1
0 0 1 0 17 1
0 0 1 4 12 1
0 0 1 8 8 1
0 0 1 10 12 1
