#PARAMS
1 #number of chromosomes
4 #number of leaves
20 #number of segments per chromosome
#PROFILES
0 : 2 2 2 2 2 2 2 2 2 2 2 2 2 2 2 2 2 2 2 2
1 : 2 1 1 1 2 2 2 1 2 1 1 3 4 4 4 5 5 5 5 4
2 : 2 1 1 2 4 4 4 3 4 3 3 5 6 6 6 7 7 6 5 4
3 : 2 1 1 1 2 2 2 1 3 2 2 4 5 5 5 6 6 6 6 4
4 : 2 2 2 3 5 5 5 4 6 5 5 7 8 8 8 9 9 7 5 4
5 : 2 1 1 2 4 4 4 3 4 3 3 5 6 6 6 7 7 6 5 4
6 : 2 1 1 1 2 2 2 2 4 3 3 3 4 4 4 4 4 3 4 4
#EDGES
2 -> 5
2 -> 4
1 -> 3
1 -> 2
0 -> 6
0 -> 1
#EVENTS
0 2 4 1 17 1
0 2 4 8 16 1
0 1 3 8 18 1
0 1 2 3 17 1
0 1 2 4 16 1
0 0 6 1 7 -1
0 0 6 9 17 -1
0 0 6 4 19 1
0 0 6 8 19 1
0 0 6 12 16 1
0 0 1 1 3 -1
0 0 1 7 10 -1
0 0 1 8 8 1
0 0 1 11 19 1
0 0 1 12 19 1
0 0 1 15 18 1
