#PARAMS
1 #number of chromosomes
4 #number of leaves
20 #number of segments per chromosome
#PROFILES
0 : 2 2 2 2 2 2 2 2 2 2 2 2 2 2 2 2 2 2 2 2
1 : 2 3 2 3 3 2 2 2 2 3 3 3 3 3 2 2 2 2 2 2
2 : 2 3 2 3 3 2 3 3 3 4 3 3 3 3 2 2 2 2 2 2
3 : 2 3 2 3 3 3 4 4 4 4 4 4 3 3 3 3 3 3 3 3
4 : 2 3 2 3 3 2 2 2 2 3 4 4 3 3 2 2 2 2 2 2
5 : 2 3 3 4 4 3 4 3 3 4 3 3 3 3 2 2 2 2 2 2
6 : 2 3 2 4 4 3 4 4 4 5 4 4 4 4 2 2 2 2 2 2
#EDGES
2 -> 6
2 -> 5
1 -> 4
1 -> 2
0 -> 3
0 -> 1
#EVENTS
0 2 6 3 13 1
0 2 5 2 6 1
0 1 4 10 11 1
0 1 2 6 9 1
0 0 3 2 5 -1
0 0 3 1 19 1
0 0 3 3 11 1
0 0 1 2 2 -1
0 0 1 1 4 1
0 0 1 9 13 1
