#PARAMS
1 #number of chromosomes
4 #number of leaves
20 #number of segments per chromosome
#PROFILES
0 : 2 2 2 2 2 2 2 2 2 2 2 2 2 2 2 2 2 2 2 2
1 : 1 1 1 1 1 1 1 1 1 3 4 3 3 3 3 2 3 4 3 3
2 : 1 1 1 1 1 1 1 1 2 4 5 4 4 4 4 3 4 5 4 3
3 : 1 1 1 1 1 1 1 1 1 3 4 3 3 3 2 1 2 3 2 3
4 : 1 1 2 2 2 1 1 1 2 4 5 4 4 4 4 3 4 5 4 3
5 : 1 1 1 1 1 1 2 2 3 5 6 5 5 4 4 3 4 5 4 3
6 : 1 1 1 1 1 1 1 2 2 3 4 3 2 2 2 1 2 3 3 3
#EDGES
2 -> 5
2 -> 4
1 -> 3
1 -> 2
0 -> 6
0 -> 1
#EVENTS
0 2 5 6 12 1
0 2 4 2 4 1
0 1 3 14 18 -1
0 1 2 8 18 1
0 0 6 0 8 -1
0 0 6 12 15 -1
0 0 6 7 14 1
0 0 6 10 10 1
0 0 6 17 19 1
0 0 1 0 8 -1
0 0 1 9 14 1
0 0 1 10 10 1
0 0 1 16 19 1
0 0 1 17 17 1
