#PARAMS
1 #number of chromosomes
4 #number of leaves
20 #number of segments per chromosome
#PROFILES
0 : 2 2 2 2 2 2 2 2 2 2 2 2 2 2 2 2 2 2 2 2
1 : 1 1 1 1 1 1 1 1 1 1 1 1 1 1 1 1 1 2 2 2
2 : 1 1 1 1 1 1 1 1 1 2 2 2 2 2 2 2 2 3 3 3
3 : 2 2 2 2 2 2 2 3 3 3 3 3 3 2 2 2 2 2 2 2
4 : 1 1 1 2 2 2 2 2 2 3 3 3 3 2 2 2 2 3 3 3
5 : 1 1 1 1 1 1 1 1 1 2 3 3 3 4 4 3 3 4 4 3
6 : 1 1 1 2 2 2 2 2 2 2 2 2 2 2 1 1 1 2 2 2
#EDGES
2 -> 5
2 -> 4
1 -> 6
1 -> 2
0 -> 3
0 -> 1
#EVENTS
0 2 5 10 18 1
0 2 5 13 14 1
0 2 4 3 12 1
0 1 6 3 13 1
0 1 2 9 19 1
0 0 3 7 12 1
0 0 1 0 16 -1
