#PARAMS
1 #number of chromosomes
4 #number of leaves
20 #number of segments per chromosome
#PROFILES
0 : 2 2 2 2 2 2 2 2 2 2 2 2 2 2 2 2 2 2 2 2
1 : 2 3 3 3 4 4 4 4 3 3 3 2 3 1 1 2 2 2 2 2
2 : 2 3 2 2 3 3 3 4 4 3 3 2 3 1 1 2 2 2 2 2
3 : 2 4 3 4 5 5 5 6 6 5 5 4 5 3 3 4 4 3 3 2
4 : 2 3 2 2 3 2 2 3 3 2 2 1 2 0 1 2 2 2 2 2
5 : 2 3 3 3 4 3 3 3 2 2 2 1 2 0 0 2 2 2 2 2
6 : 3 3 3 2 2 2 2 2 2 2 2 2 2 2 3 3 3 3 3 3
#EDGES
2 -> 4
2 -> 3
1 -> 5
1 -> 2
0 -> 6
0 -> 1
#EVENTS
0 2 4 5 13 -1
0 2 3 1 18 1
0 2 3 3 16 1
0 1 5 5 14 -1
0 1 2 2 6 -1
0 1 2 8 8 1
0 0 6 3 13 -1
0 0 6 0 19 1
0 0 1 11 11 -1
0 0 1 13 14 -1
0 0 1 1 12 1
0 0 1 4 7 1
