#PARAMS
1 #number of chromosomes
4 #number of leaves
20 #number of segments per chromosome
#PROFILES
0 : 2 2 2 2 2 2 2 2 2 2 2 2 2 2 2 2 2 2 2 2
1 : 2 2 2 2 3 3 3 3 3 3 3 3 4 5 5 5 5 5 4 3
2 : 3 3 3 3 3 3 3 3 3 3 3 3 3 3 3 3 3 3 3 3
3 : 3 3 2 2 2 2 2 3 3 3 3 3 3 2 2 2 2 2 2 2
4 : 2 3 3 3 4 4 3 3 3 2 2 2 4 5 4 4 4 4 3 3
5 : 3 3 3 3 4 4 4 4 4 4 4 4 5 6 7 5 5 6 5 4
6 : 3 4 4 4 4 4 4 3 3 3 3 3 3 3 3 3 3 3 3 3
#EDGES
2 -> 6
2 -> 3
1 -> 5
1 -> 4
0 -> 2
0 -> 1
#EVENTS
0 2 6 1 6 1
0 2 3 2 19 -1
0 2 3 7 12 1
0 1 5 15 16 -1
0 1 5 0 19 1
0 1 5 14 14 1
0 1 4 9 11 -1
0 1 4 14 18 -1
0 1 4 1 5 1
0 0 2 0 19 1
0 0 1 4 19 1
0 0 1 12 18 1
0 0 1 13 17 1
