#PARAMS
1 #number of chromosomes
4 #number of leaves
20 #number of segments per chromosome
#PROFILES
0 : 2 2 2 2 2 2 2 2 2 2 2 2 2 2 2 2 2 2 2 2
1 : 1 2 1 1 1 1 1 3 3 3 5 5 5 3 3 5 5 4 3 2
2 : 1 2 1 1 1 1 1 2 2 1 3 3 4 2 2 3 3 3 3 2
3 : 0 1 0 0 0 0 0 2 2 1 3 3 5 3 3 4 4 4 4 3
4 : 1 2 1 1 1 1 1 2 2 1 3 3 4 2 3 4 4 4 3 1
5 : 1 2 1 1 1 1 0 2 2 2 4 4 4 2 3 6 6 5 4 2
6 : 1 2 1 1 1 0 0 2 2 2 5 5 6 4 4 6 6 5 4 3
#EDGES
2 -> 4
2 -> 3
1 -> 6
1 -> 5
0 -> 2
0 -> 1
#EVENTS
0 2 4 19 19 -1
0 2 4 14 17 1
0 2 3 0 6 -1
0 2 3 12 19 1
0 1 6 5 9 -1
0 1 6 12 19 1
0 1 5 6 14 -1
0 1 5 14 18 1
0 0 2 0 6 -1
0 0 2 9 9 -1
0 0 2 13 14 -1
0 0 2 1 1 1
0 0 2 10 18 1
0 0 2 12 12 1
0 0 1 0 0 -1
0 0 1 2 6 -1
0 0 1 7 18 1
0 0 1 10 12 1
0 0 1 10 12 1
0 0 1 15 17 1
0 0 1 15 16 1
