#PARAMS
1 #number of chromosomes
4 #number of leaves
20 #number of segments per chromosome
#PROFILES
0 : 2 2 2 2 2 2 2 2 2 2 2 2 2 2 2 2 2 2 2 2
1 : 3 2 2 2 3 3 3 2 2 3 3 3 3 3 3 2 1 1 1 2
2 : 3 2 2 2 3 3 3 2 2 3 3 4 4 4 4 3 2 1 1 2
3 : 3 3 2 2 2 3 3 3 4 4 4 4 4 4 3 3 2 2 2 2
4 : 3 2 2 2 1 1 1 0 0 1 3 3 3 3 3 2 1 1 1 2
5 : 3 2 2 2 3 3 3 2 2 3 3 4 4 4 4 3 2 0 0 1
6 : 3 2 2 2 3 3 3 2 2 3 3 4 4 4 5 3 2 1 1 2
#EDGES
2 -> 6
2 -> 5
1 -> 4
1 -> 2
0 -> 3
0 -> 1
#EVENTS
0 2 6 14 14 1
0 2 5 17 19 -1
0 1 4 4 9 -1
0 1 4 4 9 -1
0 1 2 11 16 1
0 0 3 2 7 -1
0 0 3 0 15 1
0 0 3 5 13 1
0 0 1 16 18 -1
0 0 1 0 0 1
0 0 1 4 6 1
0 0 1 9 14 1
