#PARAMS
1 #number of chromosomes
4 #number of leaves
20 #number of segments per chromosome
#PROFILES
0 : 2 2 2 2 2 2 2 2 2 2 2 2 2 2 2 2 2 2 2 2
1 : 4 4 4 4 4 4 4 4 4 4 4 4 4 4 4 4 4 3 3 2
2 : 4 4 4 4 4 4 4 4 4 4 4 4 4 4 4 4 4 3 3 2
3 : 2 2 2 2 2 3 3 3 4 4 4 4 4 4 3 3 2 2 2 2
4 : 5 5 5 5 6 6 6 6 6 5 5 4 4 4 4 4 4 3 3 2
5 : 4 4 4 4 4 4 4 4 3 3 4 4 4 4 4 4 4 3 3 2
6 : 4 4 4 4 3 3 3 3 3 3 4 4 4 4 4 4 4 3 3 2
#EDGES
2 -> 6
2 -> 5
1 -> 4
1 -> 2
0 -> 3
0 -> 1
#EVENTS
0 2 6 4 9 -1
0 2 5 8 9 -1
0 1 4 0 10 1
0 1 4 4 8 1
0 0 3 5 15 1
0 0 3 8 13 1
0 0 1 0 18 1
0 0 1 0 16 1
