#PARAMS
1 #number of chromosomes
4 #number of leaves
20 #number of segments per chromosome
#PROFILES
0 : 2 2 2 2 2 2 2 2 2 2 2 2 2 2 2 2 2 2 2 2
1 : 2 1 1 2 3 3 3 2 2 2 2 3 4 6 5 4 4 4 3 2
2 : 2 1 1 2 3 3 3 2 2 2 2 3 4 6 5 4 4 5 4 3
3 : 2 1 1 2 3 3 3 2 2 2 2 4 5 7 6 5 5 6 5 3
4 : 2 1 1 3 4 4 4 3 3 3 3 4 5 7 6 5 5 6 4 3
5 : 2 1 1 3 4 4 4 3 3 3 3 5 6 8 7 6 6 5 3 2
6 : 2 1 1 1 2 2 2 2 3 4 4 4 5 6 5 3 3 3 3 3
#EDGES
2 -> 4
2 -> 3
1 -> 5
1 -> 2
0 -> 6
0 -> 1
#EVENTS
0 2 4 3 17 1
0 2 3 11 18 1
0 1 5 3 17 1
0 1 5 11 16 1
0 1 2 17 19 1
0 0 6 1 11 -1
0 0 6 4 19 1
0 0 6 8 14 1
0 0 6 9 14 1
0 0 6 13 13 1
0 0 1 1 2 -1
0 0 1 4 6 1
0 0 1 11 18 1
0 0 1 12 17 1
0 0 1 13 14 1
0 0 1 13 13 1
