#PARAMS
1 #number of chromosomes
4 #number of leaves
20 #number of segments per chromosome
#PROFILES
0 : 2 2 2 2 2 2 2 2 2 2 2 2 2 2 2 2 2 2 2 2
1 : 1 2 1 1 1 1 3 4 4 4 4 4 5 5 5 5 5 5 4 2
2 : 1 2 1 1 1 1 3 5 5 5 5 5 6 6 6 6 6 5 4 2
3 : 0 1 0 0 0 0 2 4 4 3 5 5 5 5 5 4 4 4 4 3
4 : 1 2 1 1 1 1 3 4 4 3 3 3 4 4 5 6 4 4 3 1
5 : 1 2 1 1 1 1 2 4 4 6 6 6 6 6 7 6 6 5 4 2
6 : 1 2 1 1 1 2 4 6 6 6 7 7 8 8 8 8 8 7 6 3
#EDGES
2 -> 6
2 -> 5
1 -> 4
1 -> 2
0 -> 3
0 -> 1
#EVENTS
0 2 6 5 19 1
0 2 6 10 18 1
0 2 5 6 8 -1
0 2 5 9 11 1
0 2 5 14 14 1
0 1 4 9 13 -1
0 1 4 16 19 -1
0 1 4 15 15 1
0 1 2 7 16 1
0 0 3 0 6 -1
0 0 3 0 0 -1
0 0 3 2 5 -1
0 0 3 6 19 1
0 0 3 7 8 1
0 0 3 10 18 1
0 0 3 10 14 1
0 0 1 0 6 -1
0 0 1 1 1 1
0 0 1 6 18 1
0 0 1 6 18 1
0 0 1 12 17 1
