#PARAMS
1 #number of chromosomes
4 #number of leaves
20 #number of segments per chromosome
#PROFILES
0 : 2 2 2 2 2 2 2 2 2 2 2 2 2 2 2 2 2 2 2 2
1 : 3 3 3 3 3 3 3 3 3 3 3 3 3 3 3 3 3 3 3 3
2 : 3 3 3 3 3 3 3 3 3 3 3 3 3 3 3 3 3 3 3 3
3 : 3 3 2 2 2 2 2 3 3 3 3 3 3 2 2 2 2 2 2 2
4 : 2 2 2 2 3 3 2 2 2 2 2 2 4 4 5 6 6 6 3 3
5 : 3 2 2 2 3 3 3 3 4 3 3 3 4 4 4 4 4 4 4 4
6 : 3 4 4 3 3 3 3 2 2 2 2 2 2 3 3 3 3 3 3 3
#EDGES
2 -> 6
2 -> 3
1 -> 5
1 -> 2
0 -> 4
0 -> 1
#EVENTS
0 2 6 7 12 -1
0 2 6 1 2 1
0 2 3 2 6 -1
0 2 3 13 19 -1
0 1 5 1 3 -1
0 1 5 9 11 -1
0 1 5 8 19 1
0 0 4 6 11 -1
0 0 4 4 19 1
0 0 4 12 17 1
0 0 4 14 17 1
0 0 4 15 17 1
0 0 1 0 19 1
