#PARAMS
1 #number of chromosomes
4 #number of leaves
20 #number of segments per chromosome
#PROFILES
0 : 2 2 2 2 2 2 2 2 2 2 2 2 2 2 2 2 2 2 2 2
1 : 3 3 3 3 3 3 3 3 4 6 7 8 8 8 8 7 6 5 4 3
2 : 3 3 3 3 3 3 3 3 4 6 7 8 8 8 8 7 6 5 4 3
3 : 3 3 3 3 3 3 3 3 3 5 6 7 7 7 8 7 6 5 4 3
4 : 3 3 4 4 4 3 3 3 4 6 7 8 8 8 8 7 6 5 4 3
5 : 3 3 3 3 3 3 4 4 5 7 8 9 9 8 8 7 6 5 4 3
6 : 3 3 3 3 3 3 3 4 4 5 6 7 6 6 6 5 4 3 3 3
#EDGES
2 -> 5
2 -> 3
1 -> 4
1 -> 2
0 -> 6
0 -> 1
#EVENTS
0 2 5 6 12 1
0 2 3 8 13 -1
0 1 4 2 4 1
0 0 6 0 19 1
0 0 6 7 16 1
0 0 6 9 15 1
0 0 6 10 14 1
0 0 6 11 11 1
0 0 1 0 19 1
0 0 1 8 18 1
0 0 1 9 17 1
0 0 1 9 16 1
0 0 1 10 15 1
0 0 1 11 14 1
