#PARAMS
1 #number of chromosomes
4 #number of leaves
20 #number of segments per chromosome
#PROFILES
0 : 2 2 2 2 2 2 2 2 2 2 2 2 2 2 2 2 2 2 2 2
1 : 2 3 2 2 3 3 3 3 3 3 3 3 3 4 4 3 3 3 3 2
2 : 2 3 2 2 3 3 3 3 3 2 2 1 1 3 4 3 3 3 3 2
3 : 2 3 2 2 3 4 4 4 4 3 3 2 2 4 5 4 4 4 4 2
4 : 2 3 2 2 3 3 3 3 3 2 2 1 1 3 5 4 4 4 4 3
5 : 2 3 2 2 3 3 3 3 3 3 3 3 3 4 3 2 2 2 2 2
6 : 2 3 3 4 4 4 4 4 4 4 4 4 4 4 4 4 4 3 3 2
#EDGES
2 -> 4
2 -> 3
1 -> 5
1 -> 2
0 -> 6
0 -> 1
#EVENTS
0 2 4 14 19 1
0 2 3 5 18 1
0 1 5 14 18 -1
0 1 2 9 13 -1
0 1 2 11 12 -1
0 0 6 1 18 1
0 0 6 3 16 1
0 0 1 1 1 1
0 0 1 4 18 1
0 0 1 13 14 1
