#PARAMS
1 #number of chromosomes
3 #number of leaves
20 #number of segments per chromosome
#PROFILES
0 : 2 2 2 2 2 2 2 2 2 2 2 2 2 2 2 2 2 2 2 2
1 : 2 2 2 2 3 3 3 2 1 1 1 3 4 6 5 4 4 4 3 3
2 : 2 1 1 2 3 3 3 3 4 4 4 4 5 6 5 4 4 4 3 3
3 : 2 2 2 2 3 3 3 2 1 1 1 3 4 6 5 4 4 5 4 3
4 : 2 2 2 3 4 4 4 3 2 2 2 4 5 7 6 5 5 5 3 3
#EDGES
1 -> 4
1 -> 3
0 -> 2
0 -> 1
#EVENTS
0 1 4 3 17 1
0 1 3 17 18 1
0 0 2 1 11 -1
0 0 2 3 19 1
0 0 2 4 17 1
0 0 2 8 14 1
0 0 2 13 13 1
0 0 1 8 11 -1
0 0 1 4 6 1
0 0 1 11 19 1
0 0 1 11 17 1
0 0 1 13 14 1
0 0 1 13 13 1
