#PARAMS
1 #number of chromosomes
3 #number of leaves
20 #number of segments per chromosome
#PROFILES
0 : 2 2 2 2 2 2 2 2 2 2 2 2 2 2 2 2 2 2 2 2
1 : 5 4 4 4 5 5 5 6 6 5 5 5 5 5 5 4 3 3 3 2
2 : 3 3 2 2 2 3 3 3 4 4 4 4 4 4 3 3 2 2 2 2
3 : 5 4 4 4 7 7 7 8 8 7 5 5 5 5 5 4 3 3 3 2
4 : 5 4 4 4 5 5 5 6 6 5 5 6 6 6 6 5 4 3 3 2
#EDGES
1 -> 4
1 -> 3
0 -> 2
0 -> 1
#EVENTS
0 1 4 11 16 1
0 1 3 4 9 1
0 1 3 4 9 1
0 0 2 2 7 -1
0 0 2 0 15 1
0 0 2 5 13 1
0 0 1 1 3 -1
0 0 1 0 18 1
0 0 1 0 15 1
0 0 1 0 14 1
0 0 1 7 8 1
