#PARAMS
1 #number of chromosomes
3 #number of leaves
20 #number of segments per chromosome
#PROFILES
0 : 2 2 2 2 2 2 2 2 2 2 2 2 2 2 2 2 2 2 2 2
1 : 1 2 1 1 1 1 3 4 4 4 4 4 5 5 5 5 5 5 4 2
2 : 0 1 0 0 0 0 2 4 4 3 5 5 5 5 5 4 4 4 4 3
3 : 1 2 1 1 1 1 3 4 4 3 3 3 4 4 5 6 4 4 3 1
4 : 1 2 1 1 1 1 3 5 5 5 5 5 6 6 6 6 6 5 4 2
#EDGES
1 -> 4
1 -> 3
0 -> 2
0 -> 1
#EVENTS
0 1 4 7 16 1
0 1 3 9 19 -1
0 1 3 14 15 1
0 1 3 15 15 1
0 0 2 0 6 -1
0 0 2 0 0 -1
0 0 2 2 5 -1
0 0 2 6 19 1
0 0 2 7 8 1
0 0 2 10 18 1
0 0 2 10 14 1
0 0 1 0 0 -1
0 0 1 2 6 -1
0 0 1 6 18 1
0 0 1 6 18 1
0 0 1 12 17 1
