#PARAMS
1 #number of chromosomes
3 #number of leaves
20 #number of segments per chromosome
#PROFILES
0 : 2 2 2 2 2 2 2 2 2 2 2 2 2 2 2 2 2 2 2 2
1 : 3 2 2 2 2 2 2 1 1 2 2 3 3 3 3 2 1 1 1 2
2 : 3 2 2 2 1 1 1 0 0 1 3 3 3 3 3 2 1 1 1 2
3 : 3 2 2 2 3 3 3 2 2 3 3 4 4 4 4 3 2 1 1 2
4 : 3 3 3 3 4 4 4 4 4 4 4 4 4 4 5 3 2 1 1 1
#EDGES
1 -> 3
1 -> 2
0 -> 4
0 -> 1
#EVENTS
0 1 3 4 16 1
0 1 2 4 9 -1
0 1 2 10 10 1
0 0 4 15 19 -1
0 0 4 0 16 1
0 0 4 4 15 1
0 0 4 14 14 1
0 0 1 7 8 -1
0 0 1 16 18 -1
0 0 1 0 0 1
0 0 1 11 14 1
