#PARAMS
1 #number of chromosomes
3 #number of leaves
20 #number of segments per chromosome
#PROFILES
0 : 2 2 2 2 2 2 2 2 2 2 2 2 2 2 2 2 2 2 2 2
1 : 3 3 3 3 4 4 4 4 4 4 4 4 4 5 5 4 4 2 1 1
2 : 3 3 3 3 4 4 4 4 4 4 4 4 4 4 5 3 2 1 1 1
3 : 4 4 4 4 5 5 5 5 4 4 4 5 4 5 5 4 4 2 1 1
4 : 3 3 3 3 4 4 4 4 5 5 5 5 5 7 7 5 4 2 1 1
#EDGES
1 -> 4
1 -> 3
0 -> 2
0 -> 1
#EVENTS
0 1 4 8 15 1
0 1 4 13 14 1
0 1 3 0 7 1
0 1 3 11 11 1
0 0 2 15 19 -1
0 0 2 0 16 1
0 0 2 4 15 1
0 0 2 14 14 1
0 0 1 17 19 -1
0 0 1 0 17 1
0 0 1 4 16 1
0 0 1 13 14 1
