#PARAMS
1 #number of chromosomes
3 #number of leaves
20 #number of segments per chromosome
#PROFILES
0 : 2 2 2 2 2 2 2 2 2 2 2 2 2 2 2 2 2 2 2 2
1 : 1 2 1 1 1 1 1 3 3 3 5 5 6 4 4 5 5 5 4 2
2 : 0 1 0 0 0 0 0 2 2 1 3 3 5 3 3 4 4 4 4 3
3 : 1 2 1 1 1 1 1 2 2 1 3 3 4 2 3 4 4 4 3 1
4 : 1 2 1 1 1 1 1 3 3 3 5 5 6 4 4 6 6 5 4 2
#EDGES
1 -> 4
1 -> 3
0 -> 2
0 -> 1
#EVENTS
0 1 4 15 16 1
0 1 3 7 19 -1
0 1 3 9 13 -1
0 0 2 0 14 -1
0 0 2 0 0 -1
0 0 2 2 6 -1
0 0 2 7 8 1
0 0 2 10 19 1
0 0 2 10 18 1
0 0 2 12 12 1
0 0 2 12 12 1
0 0 1 0 11 -1
0 0 1 1 1 1
0 0 1 7 18 1
0 0 1 7 18 1
0 0 1 10 12 1
0 0 1 10 12 1
0 0 1 15 17 1
