#PARAMS
1 #number of chromosomes
3 #number of leaves
20 #number of segments per chromosome
#PROFILES
0 : 2 2 2 2 2 2 2 2 2 2 2 2 2 2 2 2 2 2 2 2
1 : 2 1 1 1 1 1 1 2 3 2 2 2 3 3 3 4 4 4 4 3
2 : 2 1 1 1 2 2 2 2 4 3 3 3 4 4 4 5 5 4 4 4
3 : 2 1 1 1 2 2 2 3 4 3 3 3 4 4 4 5 5 5 5 3
4 : 2 1 1 2 4 4 4 5 6 5 5 5 6 6 6 7 7 5 4 3
#EDGES
1 -> 4
1 -> 3
0 -> 2
0 -> 1
#EVENTS
0 1 4 3 17 1
0 1 4 4 16 1
0 1 4 4 16 1
0 1 3 4 18 1
0 0 2 1 7 -1
0 0 2 9 14 -1
0 0 2 4 19 1
0 0 2 8 19 1
0 0 2 12 16 1
0 0 1 1 6 -1
0 0 1 8 8 1
0 0 1 12 19 1
0 0 1 15 18 1
