currently on ./input/simC_c1_k4_n15_u1_s3_del02.input: current rf rate is 0.666667 and rf rate so far is 0.666667
currently on ./input/simC_c1_k4_n15_u1_s1_del04.input: current rf rate is 0.333333 and rf rate so far is 0.5
currently on ./input/simC_c1_k4_n15_u3_s1_del04.input: current rf rate is 0.333333 and rf rate so far is 0.4444443333333334
currently on ./input/simC_c1_k4_n15_u1_s1_del02.input: current rf rate is 0.333333 and rf rate so far is 0.41666650000000005
currently on ./input/simC_c1_k4_n15_u3_s2_del04.input: current rf rate is 0.333333 and rf rate so far is 0.39999980000000007
currently on ./input/simC_c1_k4_n15_u1_s2_del04.input: current rf rate is 0.333333 and rf rate so far is 0.3888886666666667
currently on ./input/simC_c1_k4_n15_u2_s2_del02.input: current rf rate is 0.333333 and rf rate so far is 0.3809521428571429
currently on ./input/simC_c1_k4_n15_u1_s2_del02.input: current rf rate is 0.333333 and rf rate so far is 0.3749997500000001
currently on ./input/simC_c1_k4_n15_u1_s3_del04.input: current rf rate is 0.333333 and rf rate so far is 0.3703701111111112
currently on ./input/simC_c1_k4_n15_u3_s3_del02.input: current rf rate is 0.333333 and rf rate so far is 0.36666640000000006
currently on ./input/simC_c1_k4_n15_u2_s1_del02.input: current rf rate is 0.333333 and rf rate so far is 0.363636090909091
currently on ./input/simC_c1_k4_n15_u2_s3_del02.input: current rf rate is 0.333333 and rf rate so far is 0.36111083333333344
currently on ./input/simC_c1_k4_n15_u2_s1_del04.input: current rf rate is 0.333333 and rf rate so far is 0.358974076923077
currently on ./input/simC_c1_k4_n15_u3_s3_del04.input: current rf rate is 0.333333 and rf rate so far is 0.3571425714285715
currently on ./input/simC_c1_k4_n15_u3_s1_del02.input: current rf rate is 0.333333 and rf rate so far is 0.35555526666666665
currently on ./input/simC_c1_k4_n15_u3_s2_del02.input: current rf rate is 0.333333 and rf rate so far is 0.354166375
currently on ./input/simC_c1_k4_n15_u2_s2_del04.input: current rf rate is 0.333333 and rf rate so far is 0.35294088235294113
currently on ./input/simC_c1_k4_n15_u2_s3_del04.input: current rf rate is 0.333333 and rf rate so far is 0.3518515555555555
	Command being timed: "python ./src/main.py --input-cnp-dir ./input/ --output-prefix ./output/k4_n15/"
	User time (seconds): 41.42
	System time (seconds): 2.63
	Percent of CPU this job got: 105%
	Elapsed (wall clock) time (h:mm:ss or m:ss): 0:41.90
	Average shared text size (kbytes): 0
	Average unshared data size (kbytes): 0
	Average stack size (kbytes): 0
	Average total size (kbytes): 0
	Maximum resident set size (kbytes): 40120
	Average resident set size (kbytes): 0
	Major (requiring I/O) page faults: 1
	Minor (reclaiming a frame) page faults: 170645
	Voluntary context switches: 8695
	Involuntary context switches: 84801
	Swaps: 0
	File system inputs: 448
	File system outputs: 2328
	Socket messages sent: 0
	Socket messages received: 0
	Signals delivered: 0
	Page size (bytes): 4096
	Exit status: 0
