currently on ./input/simC_c1_k4_n20_u1_s1_del02.input: current rf rate is 0.333333 and rf rate so far is 0.333333
currently on ./input/simC_c1_k4_n20_u2_s1_del04.input: current rf rate is 0.333333 and rf rate so far is 0.333333
currently on ./input/simC_c1_k4_n20_u1_s3_del02.input: current rf rate is 0.333333 and rf rate so far is 0.333333
currently on ./input/simC_c1_k4_n20_u1_s2_del04.input: current rf rate is 0.333333 and rf rate so far is 0.333333
currently on ./input/simC_c1_k4_n20_u3_s1_del02.input: current rf rate is 0.333333 and rf rate so far is 0.333333
currently on ./input/simC_c1_k4_n20_u2_s3_del04.input: current rf rate is 0.333333 and rf rate so far is 0.33333300000000005
currently on ./input/simC_c1_k4_n20_u1_s1_del04.input: current rf rate is 0.333333 and rf rate so far is 0.33333300000000005
currently on ./input/simC_c1_k4_n20_u2_s2_del02.input: current rf rate is 0.333333 and rf rate so far is 0.33333300000000005
currently on ./input/simC_c1_k4_n20_u2_s3_del02.input: current rf rate is 0.333333 and rf rate so far is 0.33333300000000005
currently on ./input/simC_c1_k4_n20_u3_s2_del04.input: current rf rate is 0.333333 and rf rate so far is 0.33333300000000005
currently on ./input/simC_c1_k4_n20_u3_s3_del04.input: current rf rate is 0.333333 and rf rate so far is 0.33333300000000005
currently on ./input/simC_c1_k4_n20_u3_s1_del04.input: current rf rate is 0.333333 and rf rate so far is 0.33333300000000005
currently on ./input/simC_c1_k4_n20_u2_s1_del02.input: current rf rate is 0.333333 and rf rate so far is 0.33333300000000005
currently on ./input/simC_c1_k4_n20_u1_s3_del04.input: current rf rate is 0.333333 and rf rate so far is 0.33333300000000005
currently on ./input/simC_c1_k4_n20_u1_s2_del02.input: current rf rate is 0.333333 and rf rate so far is 0.333333
currently on ./input/simC_c1_k4_n20_u3_s2_del02.input: current rf rate is 0.333333 and rf rate so far is 0.333333
currently on ./input/simC_c1_k4_n20_u3_s3_del02.input: current rf rate is 0.333333 and rf rate so far is 0.333333
currently on ./input/simC_c1_k4_n20_u2_s2_del04.input: current rf rate is 0.333333 and rf rate so far is 0.33333299999999993
	Command being timed: "python ./src/main.py --input-cnp-dir ./input/ --output-prefix ./output/k4_n20/"
	User time (seconds): 39.65
	System time (seconds): 2.62
	Percent of CPU this job got: 105%
	Elapsed (wall clock) time (h:mm:ss or m:ss): 0:40.10
	Average shared text size (kbytes): 0
	Average unshared data size (kbytes): 0
	Average stack size (kbytes): 0
	Average total size (kbytes): 0
	Maximum resident set size (kbytes): 40280
	Average resident set size (kbytes): 0
	Major (requiring I/O) page faults: 0
	Minor (reclaiming a frame) page faults: 154506
	Voluntary context switches: 6607
	Involuntary context switches: 85382
	Swaps: 0
	File system inputs: 288
	File system outputs: 2328
	Socket messages sent: 0
	Socket messages received: 0
	Signals delivered: 0
	Page size (bytes): 4096
	Exit status: 0
